[2024-08-18T08:10:20.725+0000] {local_task_job_runner.py:123} INFO - ::group::Pre task execution logs
[2024-08-18T08:10:20.735+0000] {taskinstance.py:2603} INFO - Dependencies all met for dep_context=non-requeueable deps ti=<TaskInstance: kafka2hive.process2hive manual__2024-08-18T08:10:19.483388+00:00 [queued]>
[2024-08-18T08:10:20.740+0000] {taskinstance.py:2603} INFO - Dependencies all met for dep_context=requeueable deps ti=<TaskInstance: kafka2hive.process2hive manual__2024-08-18T08:10:19.483388+00:00 [queued]>
[2024-08-18T08:10:20.740+0000] {taskinstance.py:2856} INFO - Starting attempt 1 of 2
[2024-08-18T08:10:20.747+0000] {taskinstance.py:2879} INFO - Executing <Task(SparkSubmitOperator): process2hive> on 2024-08-18 08:10:19.483388+00:00
[2024-08-18T08:10:20.750+0000] {standard_task_runner.py:72} INFO - Started process 113 to run task
[2024-08-18T08:10:20.753+0000] {standard_task_runner.py:104} INFO - Running: ['***', 'tasks', 'run', 'kafka2hive', 'process2hive', 'manual__2024-08-18T08:10:19.483388+00:00', '--job-id', '10', '--raw', '--subdir', 'DAGS_FOLDER/kafka2hive.py', '--cfg-path', '/tmp/tmpvd9ljhiy']
[2024-08-18T08:10:20.754+0000] {standard_task_runner.py:105} INFO - Job 10: Subtask process2hive
[2024-08-18T08:10:20.781+0000] {task_command.py:467} INFO - Running <TaskInstance: kafka2hive.process2hive manual__2024-08-18T08:10:19.483388+00:00 [running]> on host 76ff1c69b8e4
[2024-08-18T08:10:20.822+0000] {taskinstance.py:3122} INFO - Exporting env vars: AIRFLOW_CTX_DAG_OWNER='ren294' AIRFLOW_CTX_DAG_ID='kafka2hive' AIRFLOW_CTX_TASK_ID='process2hive' AIRFLOW_CTX_EXECUTION_DATE='2024-08-18T08:10:19.483388+00:00' AIRFLOW_CTX_TRY_NUMBER='1' AIRFLOW_CTX_DAG_RUN_ID='manual__2024-08-18T08:10:19.483388+00:00'
[2024-08-18T08:10:20.822+0000] {taskinstance.py:731} INFO - ::endgroup::
[2024-08-18T08:10:20.835+0000] {spark_submit.py:273} INFO - Could not load connection string spark_default, defaulting to yarn
[2024-08-18T08:10:20.837+0000] {spark_submit.py:403} INFO - Spark-Submit cmd: spark-submit --master yarn --conf spark.master=spark://spark-master:7077 --name arrow-spark /opt/spark-apps/kafka2hive.py
[2024-08-18T08:10:20.896+0000] {spark_submit.py:579} INFO - /home/***/.local/lib/python3.10/site-packages/pyspark/bin/load-spark-env.sh: line 68: ps: command not found
[2024-08-18T08:10:20.897+0000] {spark_submit.py:579} INFO - JAVA_HOME is not set
[2024-08-18T08:10:20.902+0000] {taskinstance.py:3301} ERROR - Task failed with exception
Traceback (most recent call last):
  File "/home/airflow/.local/lib/python3.10/site-packages/airflow/models/taskinstance.py", line 767, in _execute_task
    result = _execute_callable(context=context, **execute_callable_kwargs)
  File "/home/airflow/.local/lib/python3.10/site-packages/airflow/models/taskinstance.py", line 733, in _execute_callable
    return ExecutionCallableRunner(
  File "/home/airflow/.local/lib/python3.10/site-packages/airflow/utils/operator_helpers.py", line 252, in run
    return self.func(*args, **kwargs)
  File "/home/airflow/.local/lib/python3.10/site-packages/airflow/models/baseoperator.py", line 406, in wrapper
    return func(self, *args, **kwargs)
  File "/home/airflow/.local/lib/python3.10/site-packages/airflow/providers/apache/spark/operators/spark_submit.py", line 174, in execute
    self._hook.submit(self.application)
  File "/home/airflow/.local/lib/python3.10/site-packages/airflow/providers/apache/spark/hooks/spark_submit.py", line 505, in submit
    raise AirflowException(
airflow.exceptions.AirflowException: Cannot execute: spark-submit --master yarn --conf spark.master=spark://spark-master:7077 --name arrow-spark /opt/spark-apps/kafka2hive.py. Error code is: 1.
[2024-08-18T08:10:20.906+0000] {taskinstance.py:1225} INFO - Marking task as UP_FOR_RETRY. dag_id=kafka2hive, task_id=process2hive, run_id=manual__2024-08-18T08:10:19.483388+00:00, execution_date=20240818T081019, start_date=20240818T081020, end_date=20240818T081020
[2024-08-18T08:10:20.914+0000] {taskinstance.py:340} INFO - ::group::Post task execution logs
[2024-08-18T08:10:20.915+0000] {standard_task_runner.py:124} ERROR - Failed to execute job 10 for task process2hive (Cannot execute: spark-submit --master yarn --conf spark.master=spark://spark-master:7077 --name arrow-spark /opt/spark-apps/kafka2hive.py. Error code is: 1.; 113)
Traceback (most recent call last):
  File "/home/airflow/.local/lib/python3.10/site-packages/airflow/task/task_runner/standard_task_runner.py", line 117, in _start_by_fork
    ret = args.func(args, dag=self.dag)
  File "/home/airflow/.local/lib/python3.10/site-packages/airflow/cli/cli_config.py", line 49, in command
    return func(*args, **kwargs)
  File "/home/airflow/.local/lib/python3.10/site-packages/airflow/utils/cli.py", line 115, in wrapper
    return f(*args, **kwargs)
  File "/home/airflow/.local/lib/python3.10/site-packages/airflow/cli/commands/task_command.py", line 483, in task_run
    task_return_code = _run_task_by_selected_method(args, _dag, ti)
  File "/home/airflow/.local/lib/python3.10/site-packages/airflow/cli/commands/task_command.py", line 256, in _run_task_by_selected_method
    return _run_raw_task(args, ti)
  File "/home/airflow/.local/lib/python3.10/site-packages/airflow/cli/commands/task_command.py", line 341, in _run_raw_task
    return ti._run_raw_task(
  File "/home/airflow/.local/lib/python3.10/site-packages/airflow/utils/session.py", line 97, in wrapper
    return func(*args, session=session, **kwargs)
  File "/home/airflow/.local/lib/python3.10/site-packages/airflow/models/taskinstance.py", line 2995, in _run_raw_task
    return _run_raw_task(
  File "/home/airflow/.local/lib/python3.10/site-packages/airflow/models/taskinstance.py", line 273, in _run_raw_task
    TaskInstance._execute_task_with_callbacks(
  File "/home/airflow/.local/lib/python3.10/site-packages/airflow/models/taskinstance.py", line 3149, in _execute_task_with_callbacks
    result = self._execute_task(context, task_orig)
  File "/home/airflow/.local/lib/python3.10/site-packages/airflow/models/taskinstance.py", line 3173, in _execute_task
    return _execute_task(self, context, task_orig)
  File "/home/airflow/.local/lib/python3.10/site-packages/airflow/models/taskinstance.py", line 767, in _execute_task
    result = _execute_callable(context=context, **execute_callable_kwargs)
  File "/home/airflow/.local/lib/python3.10/site-packages/airflow/models/taskinstance.py", line 733, in _execute_callable
    return ExecutionCallableRunner(
  File "/home/airflow/.local/lib/python3.10/site-packages/airflow/utils/operator_helpers.py", line 252, in run
    return self.func(*args, **kwargs)
  File "/home/airflow/.local/lib/python3.10/site-packages/airflow/models/baseoperator.py", line 406, in wrapper
    return func(self, *args, **kwargs)
  File "/home/airflow/.local/lib/python3.10/site-packages/airflow/providers/apache/spark/operators/spark_submit.py", line 174, in execute
    self._hook.submit(self.application)
  File "/home/airflow/.local/lib/python3.10/site-packages/airflow/providers/apache/spark/hooks/spark_submit.py", line 505, in submit
    raise AirflowException(
airflow.exceptions.AirflowException: Cannot execute: spark-submit --master yarn --conf spark.master=spark://spark-master:7077 --name arrow-spark /opt/spark-apps/kafka2hive.py. Error code is: 1.
[2024-08-18T08:10:20.938+0000] {local_task_job_runner.py:261} INFO - Task exited with return code 1
[2024-08-18T08:10:20.948+0000] {taskinstance.py:3891} INFO - 0 downstream tasks scheduled from follow-on schedule check
[2024-08-18T08:10:20.949+0000] {local_task_job_runner.py:240} INFO - ::endgroup::
