[2024-08-18T09:03:02.460+0000] {local_task_job_runner.py:123} INFO - ::group::Pre task execution logs
[2024-08-18T09:03:02.470+0000] {taskinstance.py:2603} INFO - Dependencies all met for dep_context=non-requeueable deps ti=<TaskInstance: covid2hive.process2hive manual__2024-08-18T09:03:01.632818+00:00 [queued]>
[2024-08-18T09:03:02.475+0000] {taskinstance.py:2603} INFO - Dependencies all met for dep_context=requeueable deps ti=<TaskInstance: covid2hive.process2hive manual__2024-08-18T09:03:01.632818+00:00 [queued]>
[2024-08-18T09:03:02.475+0000] {taskinstance.py:2856} INFO - Starting attempt 1 of 2
[2024-08-18T09:03:02.483+0000] {taskinstance.py:2879} INFO - Executing <Task(SSHOperator): process2hive> on 2024-08-18 09:03:01.632818+00:00
[2024-08-18T09:03:02.485+0000] {standard_task_runner.py:72} INFO - Started process 130 to run task
[2024-08-18T09:03:02.488+0000] {standard_task_runner.py:104} INFO - Running: ['***', 'tasks', 'run', 'covid2hive', 'process2hive', 'manual__2024-08-18T09:03:01.632818+00:00', '--job-id', '19', '--raw', '--subdir', 'DAGS_FOLDER/covid2hive.py', '--cfg-path', '/tmp/tmpb35n7toy']
[2024-08-18T09:03:02.489+0000] {standard_task_runner.py:105} INFO - Job 19: Subtask process2hive
[2024-08-18T09:03:02.517+0000] {task_command.py:467} INFO - Running <TaskInstance: covid2hive.process2hive manual__2024-08-18T09:03:01.632818+00:00 [running]> on host 87b087f6a7ed
[2024-08-18T09:03:02.571+0000] {taskinstance.py:3122} INFO - Exporting env vars: AIRFLOW_CTX_DAG_OWNER='ren294' AIRFLOW_CTX_DAG_ID='covid2hive' AIRFLOW_CTX_TASK_ID='process2hive' AIRFLOW_CTX_EXECUTION_DATE='2024-08-18T09:03:01.632818+00:00' AIRFLOW_CTX_TRY_NUMBER='1' AIRFLOW_CTX_DAG_RUN_ID='manual__2024-08-18T09:03:01.632818+00:00'
[2024-08-18T09:03:02.572+0000] {taskinstance.py:731} INFO - ::endgroup::
[2024-08-18T09:03:02.590+0000] {ssh.py:151} INFO - Creating ssh_client
[2024-08-18T09:03:02.590+0000] {ssh.py:124} INFO - ssh_hook is not provided or invalid. Trying ssh_conn_id to create SSHHook.
[2024-08-18T09:03:02.596+0000] {base.py:84} INFO - Retrieving connection 'spark_conn'
[2024-08-18T09:03:02.597+0000] {ssh.py:304} WARNING - No Host Key Verification. This won't protect against Man-In-The-Middle attacks
[2024-08-18T09:03:02.605+0000] {transport.py:1923} INFO - Connected (version 2.0, client OpenSSH_8.9p1)
[2024-08-18T09:03:02.730+0000] {transport.py:1923} INFO - Authentication (password) successful!
[2024-08-18T09:03:02.731+0000] {ssh.py:494} INFO - Running command: spark-submit --master spark://spark-master:7077 /opt/spark-apps/data2hive.py
[2024-08-18T09:03:02.782+0000] {ssh.py:545} WARNING - bash: line 1: spark-submit: command not found
[2024-08-18T09:03:02.793+0000] {taskinstance.py:3301} ERROR - Task failed with exception
Traceback (most recent call last):
  File "/home/airflow/.local/lib/python3.10/site-packages/airflow/models/taskinstance.py", line 767, in _execute_task
    result = _execute_callable(context=context, **execute_callable_kwargs)
  File "/home/airflow/.local/lib/python3.10/site-packages/airflow/models/taskinstance.py", line 733, in _execute_callable
    return ExecutionCallableRunner(
  File "/home/airflow/.local/lib/python3.10/site-packages/airflow/utils/operator_helpers.py", line 252, in run
    return self.func(*args, **kwargs)
  File "/home/airflow/.local/lib/python3.10/site-packages/airflow/models/baseoperator.py", line 406, in wrapper
    return func(self, *args, **kwargs)
  File "/home/airflow/.local/lib/python3.10/site-packages/airflow/providers/ssh/operators/ssh.py", line 191, in execute
    result = self.run_ssh_client_command(ssh_client, self.command, context=context)
  File "/home/airflow/.local/lib/python3.10/site-packages/airflow/providers/ssh/operators/ssh.py", line 179, in run_ssh_client_command
    self.raise_for_status(exit_status, agg_stderr, context=context)
  File "/home/airflow/.local/lib/python3.10/site-packages/airflow/providers/ssh/operators/ssh.py", line 173, in raise_for_status
    raise AirflowException(f"SSH operator error: exit status = {exit_status}")
airflow.exceptions.AirflowException: SSH operator error: exit status = 127
[2024-08-18T09:03:02.798+0000] {taskinstance.py:1225} INFO - Marking task as UP_FOR_RETRY. dag_id=covid2hive, task_id=process2hive, run_id=manual__2024-08-18T09:03:01.632818+00:00, execution_date=20240818T090301, start_date=20240818T090302, end_date=20240818T090302
[2024-08-18T09:03:02.807+0000] {taskinstance.py:340} INFO - ::group::Post task execution logs
[2024-08-18T09:03:02.808+0000] {standard_task_runner.py:124} ERROR - Failed to execute job 19 for task process2hive (SSH operator error: exit status = 127; 130)
Traceback (most recent call last):
  File "/home/airflow/.local/lib/python3.10/site-packages/airflow/task/task_runner/standard_task_runner.py", line 117, in _start_by_fork
    ret = args.func(args, dag=self.dag)
  File "/home/airflow/.local/lib/python3.10/site-packages/airflow/cli/cli_config.py", line 49, in command
    return func(*args, **kwargs)
  File "/home/airflow/.local/lib/python3.10/site-packages/airflow/utils/cli.py", line 115, in wrapper
    return f(*args, **kwargs)
  File "/home/airflow/.local/lib/python3.10/site-packages/airflow/cli/commands/task_command.py", line 483, in task_run
    task_return_code = _run_task_by_selected_method(args, _dag, ti)
  File "/home/airflow/.local/lib/python3.10/site-packages/airflow/cli/commands/task_command.py", line 256, in _run_task_by_selected_method
    return _run_raw_task(args, ti)
  File "/home/airflow/.local/lib/python3.10/site-packages/airflow/cli/commands/task_command.py", line 341, in _run_raw_task
    return ti._run_raw_task(
  File "/home/airflow/.local/lib/python3.10/site-packages/airflow/utils/session.py", line 97, in wrapper
    return func(*args, session=session, **kwargs)
  File "/home/airflow/.local/lib/python3.10/site-packages/airflow/models/taskinstance.py", line 2995, in _run_raw_task
    return _run_raw_task(
  File "/home/airflow/.local/lib/python3.10/site-packages/airflow/models/taskinstance.py", line 273, in _run_raw_task
    TaskInstance._execute_task_with_callbacks(
  File "/home/airflow/.local/lib/python3.10/site-packages/airflow/models/taskinstance.py", line 3149, in _execute_task_with_callbacks
    result = self._execute_task(context, task_orig)
  File "/home/airflow/.local/lib/python3.10/site-packages/airflow/models/taskinstance.py", line 3173, in _execute_task
    return _execute_task(self, context, task_orig)
  File "/home/airflow/.local/lib/python3.10/site-packages/airflow/models/taskinstance.py", line 767, in _execute_task
    result = _execute_callable(context=context, **execute_callable_kwargs)
  File "/home/airflow/.local/lib/python3.10/site-packages/airflow/models/taskinstance.py", line 733, in _execute_callable
    return ExecutionCallableRunner(
  File "/home/airflow/.local/lib/python3.10/site-packages/airflow/utils/operator_helpers.py", line 252, in run
    return self.func(*args, **kwargs)
  File "/home/airflow/.local/lib/python3.10/site-packages/airflow/models/baseoperator.py", line 406, in wrapper
    return func(self, *args, **kwargs)
  File "/home/airflow/.local/lib/python3.10/site-packages/airflow/providers/ssh/operators/ssh.py", line 191, in execute
    result = self.run_ssh_client_command(ssh_client, self.command, context=context)
  File "/home/airflow/.local/lib/python3.10/site-packages/airflow/providers/ssh/operators/ssh.py", line 179, in run_ssh_client_command
    self.raise_for_status(exit_status, agg_stderr, context=context)
  File "/home/airflow/.local/lib/python3.10/site-packages/airflow/providers/ssh/operators/ssh.py", line 173, in raise_for_status
    raise AirflowException(f"SSH operator error: exit status = {exit_status}")
airflow.exceptions.AirflowException: SSH operator error: exit status = 127
[2024-08-18T09:03:02.833+0000] {local_task_job_runner.py:261} INFO - Task exited with return code 1
[2024-08-18T09:03:02.843+0000] {taskinstance.py:3891} INFO - 0 downstream tasks scheduled from follow-on schedule check
[2024-08-18T09:03:02.844+0000] {local_task_job_runner.py:240} INFO - ::endgroup::
