[2024-08-18T09:53:43.004+0000] {local_task_job_runner.py:123} INFO - ::group::Pre task execution logs
[2024-08-18T09:53:43.013+0000] {taskinstance.py:2603} INFO - Dependencies all met for dep_context=non-requeueable deps ti=<TaskInstance: kafka2hive.process2hive manual__2024-08-18T09:53:41.994664+00:00 [queued]>
[2024-08-18T09:53:43.017+0000] {taskinstance.py:2603} INFO - Dependencies all met for dep_context=requeueable deps ti=<TaskInstance: kafka2hive.process2hive manual__2024-08-18T09:53:41.994664+00:00 [queued]>
[2024-08-18T09:53:43.017+0000] {taskinstance.py:2856} INFO - Starting attempt 1 of 2
[2024-08-18T09:53:43.024+0000] {taskinstance.py:2879} INFO - Executing <Task(SSHOperator): process2hive> on 2024-08-18 09:53:41.994664+00:00
[2024-08-18T09:53:43.026+0000] {standard_task_runner.py:72} INFO - Started process 244 to run task
[2024-08-18T09:53:43.029+0000] {standard_task_runner.py:104} INFO - Running: ['***', 'tasks', 'run', 'kafka2hive', 'process2hive', 'manual__2024-08-18T09:53:41.994664+00:00', '--job-id', '33', '--raw', '--subdir', 'DAGS_FOLDER/kafka2hive.py', '--cfg-path', '/tmp/tmpfvmeb9mz']
[2024-08-18T09:53:43.030+0000] {standard_task_runner.py:105} INFO - Job 33: Subtask process2hive
[2024-08-18T09:53:43.055+0000] {task_command.py:467} INFO - Running <TaskInstance: kafka2hive.process2hive manual__2024-08-18T09:53:41.994664+00:00 [running]> on host 4fb2805ec1b8
[2024-08-18T09:53:43.098+0000] {taskinstance.py:3122} INFO - Exporting env vars: AIRFLOW_CTX_DAG_OWNER='ren294' AIRFLOW_CTX_DAG_ID='kafka2hive' AIRFLOW_CTX_TASK_ID='process2hive' AIRFLOW_CTX_EXECUTION_DATE='2024-08-18T09:53:41.994664+00:00' AIRFLOW_CTX_TRY_NUMBER='1' AIRFLOW_CTX_DAG_RUN_ID='manual__2024-08-18T09:53:41.994664+00:00'
[2024-08-18T09:53:43.099+0000] {taskinstance.py:731} INFO - ::endgroup::
[2024-08-18T09:53:43.106+0000] {ssh.py:151} INFO - Creating ssh_client
[2024-08-18T09:53:43.107+0000] {ssh.py:124} INFO - ssh_hook is not provided or invalid. Trying ssh_conn_id to create SSHHook.
[2024-08-18T09:53:43.111+0000] {base.py:84} INFO - Retrieving connection 'spark_conn'
[2024-08-18T09:53:43.112+0000] {ssh.py:304} WARNING - No Host Key Verification. This won't protect against Man-In-The-Middle attacks
[2024-08-18T09:53:43.119+0000] {transport.py:1923} INFO - Connected (version 2.0, client OpenSSH_8.9p1)
[2024-08-18T09:53:43.244+0000] {transport.py:1923} INFO - Authentication (password) successful!
[2024-08-18T09:53:43.245+0000] {ssh.py:494} INFO - Running command: /opt/spark/bin/spark-submit --master spark://spark-master:7077 /opt/spark-apps/kafka2hive.py
[2024-08-18T09:53:44.745+0000] {ssh.py:545} WARNING - Using Spark's default log4j profile: org/apache/spark/log4j-defaults.properties
[2024-08-18T09:53:44.753+0000] {ssh.py:545} WARNING - 24/08/18 16:53:44 INFO SparkContext: Running Spark version 3.2.0
[2024-08-18T09:53:44.809+0000] {ssh.py:545} WARNING - 24/08/18 16:53:44 WARN NativeCodeLoader: Unable to load native-hadoop library for your platform... using builtin-java classes where applicable
[2024-08-18T09:53:44.873+0000] {ssh.py:545} WARNING - 24/08/18 16:53:44 INFO ResourceUtils: ==============================================================
[2024-08-18T09:53:44.874+0000] {ssh.py:545} WARNING - 24/08/18 16:53:44 INFO ResourceUtils: No custom resources configured for spark.driver.
[2024-08-18T09:53:44.874+0000] {ssh.py:545} WARNING - 24/08/18 16:53:44 INFO ResourceUtils: ==============================================================
[2024-08-18T09:53:44.874+0000] {ssh.py:545} WARNING - 24/08/18 16:53:44 INFO SparkContext: Submitted application: COVID Data Processing
[2024-08-18T09:53:44.890+0000] {ssh.py:545} WARNING - 24/08/18 16:53:44 INFO ResourceProfile: Default ResourceProfile created, executor resources: Map(cores -> name: cores, amount: 1, script: , vendor: , memory -> name: memory, amount: 1024, script: , vendor: , offHeap -> name: offHeap, amount: 0, script: , vendor: ), task resources: Map(cpus -> name: cpus, amount: 1.0)
[2024-08-18T09:53:44.898+0000] {ssh.py:545} WARNING - 24/08/18 16:53:44 INFO ResourceProfile: Limiting resource is cpu
[2024-08-18T09:53:44.900+0000] {ssh.py:545} WARNING - 24/08/18 16:53:44 INFO ResourceProfileManager: Added ResourceProfile id: 0
[2024-08-18T09:53:44.943+0000] {ssh.py:545} WARNING - 24/08/18 16:53:44 INFO SecurityManager: Changing view acls to: root
[2024-08-18T09:53:44.944+0000] {ssh.py:545} WARNING - 24/08/18 16:53:44 INFO SecurityManager: Changing modify acls to: root
[2024-08-18T09:53:44.945+0000] {ssh.py:545} WARNING - 24/08/18 16:53:44 INFO SecurityManager: Changing view acls groups to: 
[2024-08-18T09:53:44.945+0000] {ssh.py:545} WARNING - 24/08/18 16:53:44 INFO SecurityManager: Changing modify acls groups to: 
[2024-08-18T09:53:44.945+0000] {ssh.py:545} WARNING - 24/08/18 16:53:44 INFO SecurityManager: SecurityManager: authentication disabled; ui acls disabled; users  with view permissions: Set(root); groups with view permissions: Set(); users  with modify permissions: Set(root); groups with modify permissions: Set()
[2024-08-18T09:53:45.132+0000] {ssh.py:545} WARNING - 24/08/18 16:53:45 INFO Utils: Successfully started service 'sparkDriver' on port 43311.
[2024-08-18T09:53:45.156+0000] {ssh.py:545} WARNING - 24/08/18 16:53:45 INFO SparkEnv: Registering MapOutputTracker
[2024-08-18T09:53:45.180+0000] {ssh.py:545} WARNING - 24/08/18 16:53:45 INFO SparkEnv: Registering BlockManagerMaster
[2024-08-18T09:53:45.198+0000] {ssh.py:545} WARNING - 24/08/18 16:53:45 INFO BlockManagerMasterEndpoint: Using org.apache.spark.storage.DefaultTopologyMapper for getting topology information
[2024-08-18T09:53:45.199+0000] {ssh.py:545} WARNING - 24/08/18 16:53:45 INFO BlockManagerMasterEndpoint: BlockManagerMasterEndpoint up
[2024-08-18T09:53:45.201+0000] {ssh.py:545} WARNING - 24/08/18 16:53:45 INFO SparkEnv: Registering BlockManagerMasterHeartbeat
[2024-08-18T09:53:45.220+0000] {ssh.py:545} WARNING - 24/08/18 16:53:45 INFO DiskBlockManager: Created local directory at /tmp/blockmgr-1b4866cc-27c8-4d3f-a132-078b5278b2b2
[2024-08-18T09:53:45.236+0000] {ssh.py:545} WARNING - 24/08/18 16:53:45 INFO MemoryStore: MemoryStore started with capacity 366.3 MiB
[2024-08-18T09:53:45.247+0000] {ssh.py:545} WARNING - 24/08/18 16:53:45 INFO SparkEnv: Registering OutputCommitCoordinator
[2024-08-18T09:53:45.388+0000] {ssh.py:545} WARNING - 24/08/18 16:53:45 WARN Utils: Service 'SparkUI' could not bind on port 4040. Attempting port 4041.
[2024-08-18T09:53:45.389+0000] {ssh.py:545} WARNING - 24/08/18 16:53:45 WARN Utils: Service 'SparkUI' could not bind on port 4041. Attempting port 4042.
[2024-08-18T09:53:45.389+0000] {ssh.py:545} WARNING - 24/08/18 16:53:45 WARN Utils: Service 'SparkUI' could not bind on port 4042. Attempting port 4043.
[2024-08-18T09:53:45.394+0000] {ssh.py:545} WARNING - 24/08/18 16:53:45 INFO Utils: Successfully started service 'SparkUI' on port 4043.
[2024-08-18T09:53:45.425+0000] {ssh.py:545} WARNING - 24/08/18 16:53:45 INFO SparkUI: Bound SparkUI to 0.0.0.0, and started at http://spark-master:4043
[2024-08-18T09:53:45.575+0000] {ssh.py:545} WARNING - 24/08/18 16:53:45 INFO StandaloneAppClient$ClientEndpoint: Connecting to master spark://spark-master:7077...
[2024-08-18T09:53:45.611+0000] {ssh.py:545} WARNING - 24/08/18 16:53:45 INFO TransportClientFactory: Successfully created connection to spark-master/192.168.0.13:7077 after 23 ms (0 ms spent in bootstraps)
[2024-08-18T09:53:45.669+0000] {ssh.py:545} WARNING - 24/08/18 16:53:45 INFO StandaloneSchedulerBackend: Connected to Spark cluster with app ID app-20240818165345-0005
[2024-08-18T09:53:45.673+0000] {ssh.py:545} WARNING - 24/08/18 16:53:45 INFO Utils: Successfully started service 'org.apache.spark.network.netty.NettyBlockTransferService' on port 37495.
[2024-08-18T09:53:45.673+0000] {ssh.py:545} WARNING - 24/08/18 16:53:45 INFO NettyBlockTransferService: Server created on spark-master:37495
[2024-08-18T09:53:45.674+0000] {ssh.py:545} WARNING - 24/08/18 16:53:45 INFO BlockManager: Using org.apache.spark.storage.RandomBlockReplicationPolicy for block replication policy
[2024-08-18T09:53:45.683+0000] {ssh.py:545} WARNING - 24/08/18 16:53:45 INFO BlockManagerMaster: Registering BlockManager BlockManagerId(driver, spark-master, 37495, None)
[2024-08-18T09:53:45.685+0000] {ssh.py:545} WARNING - 24/08/18 16:53:45 INFO BlockManagerMasterEndpoint: Registering block manager spark-master:37495 with 366.3 MiB RAM, BlockManagerId(driver, spark-master, 37495, None)
[2024-08-18T09:53:45.687+0000] {ssh.py:545} WARNING - 24/08/18 16:53:45 INFO BlockManagerMaster: Registered BlockManager BlockManagerId(driver, spark-master, 37495, None)
[2024-08-18T09:53:45.687+0000] {ssh.py:545} WARNING - 24/08/18 16:53:45 INFO BlockManager: Initialized BlockManager: BlockManagerId(driver, spark-master, 37495, None)
[2024-08-18T09:53:45.842+0000] {ssh.py:545} WARNING - 24/08/18 16:53:45 INFO StandaloneSchedulerBackend: SchedulerBackend is ready for scheduling beginning after reached minRegisteredResourcesRatio: 0.0
[2024-08-18T09:53:46.060+0000] {ssh.py:545} WARNING - 24/08/18 16:53:46 INFO SharedState: Setting hive.metastore.warehouse.dir ('hdfs://namenode:9000/user/hive/warehouse') to the value of spark.sql.warehouse.dir.
[2024-08-18T09:53:46.091+0000] {ssh.py:545} WARNING - 24/08/18 16:53:46 INFO SharedState: Warehouse path is 'file:/user/hive/warehouse'.
[2024-08-18T09:53:47.288+0000] {ssh.py:545} WARNING - 24/08/18 16:53:47 INFO InMemoryFileIndex: It took 56 ms to list leaf files for 1 paths.
[2024-08-18T09:53:48.707+0000] {ssh.py:545} WARNING - 24/08/18 16:53:48 INFO HiveConf: Found configuration file file:/opt/spark/conf/hive-site.xml
[2024-08-18T09:53:48.717+0000] {ssh.py:545} WARNING - 24/08/18 16:53:48 INFO HiveUtils: Initializing HiveMetastoreConnection version 2.3.9 using Spark classes.
[2024-08-18T09:53:48.766+0000] {ssh.py:545} WARNING - 24/08/18 16:53:48 INFO HiveConf: Found configuration file file:/opt/spark/conf/hive-site.xml
[2024-08-18T09:53:48.892+0000] {ssh.py:545} WARNING - 24/08/18 16:53:48 WARN HiveConf: HiveConf of name hive.repl.dump.metadata.only.for.external.table does not exist
[2024-08-18T09:53:48.893+0000] {ssh.py:545} WARNING - 24/08/18 16:53:48 WARN HiveConf: HiveConf of name hive.druid.rollup does not exist
[2024-08-18T09:53:48.908+0000] {ssh.py:545} WARNING - 24/08/18 16:53:48 WARN HiveConf: HiveConf of name hive.repl.retain.prev.dump.dir does not exist
[2024-08-18T09:53:48.909+0000] {ssh.py:545} WARNING - 24/08/18 16:53:48 WARN HiveConf: HiveConf of name hive.log.explain.output.to.console does not exist
[2024-08-18T09:53:48.913+0000] {ssh.py:545} WARNING - 24/08/18 16:53:48 WARN HiveConf: HiveConf of name hive.server2.wm.delayed.move.timeout does not exist
[2024-08-18T09:53:48.914+0000] {ssh.py:545} WARNING - 24/08/18 16:53:48 WARN HiveConf: HiveConf of name hive.privilege.synchronizer does not exist
[2024-08-18T09:53:48.915+0000] {ssh.py:545} WARNING - 24/08/18 16:53:48 WARN HiveConf: HiveConf of name hive.metastore.wm.default.pool.size does not exist
[2024-08-18T09:53:48.916+0000] {ssh.py:545} WARNING - 24/08/18 16:53:48 WARN HiveConf: HiveConf of name hive.llap.task.scheduler.preempt.independent does not exist
[2024-08-18T09:53:48.916+0000] {ssh.py:545} WARNING - 24/08/18 16:53:48 WARN HiveConf: HiveConf of name hive.llap.io.cvb.memory.consumption. does not exist
[2024-08-18T09:53:48.917+0000] {ssh.py:545} WARNING - 24/08/18 16:53:48 WARN HiveConf: HiveConf of name hive.llap.output.format.arrow does not exist
[2024-08-18T09:53:48.917+0000] {ssh.py:545} WARNING - 24/08/18 16:53:48 WARN HiveConf: HiveConf of name hive.tez.llap.min.reducer.per.executor does not exist
[2024-08-18T09:53:48.918+0000] {ssh.py:545} WARNING - 24/08/18 16:53:48 WARN HiveConf: HiveConf of name hive.llap.io.path.cache.size does not exist
[2024-08-18T09:53:48.919+0000] {ssh.py:545} WARNING - 24/08/18 16:53:48 WARN HiveConf: HiveConf of name hive.arrow.root.allocator.limit does not exist
[2024-08-18T09:53:48.919+0000] {ssh.py:545} WARNING - 24/08/18 16:53:48 WARN HiveConf: HiveConf of name hive.optimize.topnkey.max does not exist
[2024-08-18T09:53:48.920+0000] {ssh.py:545} WARNING - 24/08/18 16:53:48 WARN HiveConf: HiveConf of name hive.splits.available.slots.calculator.class.name does not exist
[2024-08-18T09:53:48.922+0000] {ssh.py:545} WARNING - 24/08/18 16:53:48 WARN HiveConf: HiveConf of name hive.vectorized.use.checked.expressions does not exist
[2024-08-18T09:53:48.923+0000] {ssh.py:545} WARNING - 24/08/18 16:53:48 WARN HiveConf: HiveConf of name hive.optimize.delete.metadata.only does not exist
[2024-08-18T09:53:48.923+0000] {ssh.py:545} WARNING - 24/08/18 16:53:48 WARN HiveConf: HiveConf of name hive.optimize.filter.preds.sort does not exist
[2024-08-18T09:53:48.924+0000] {ssh.py:545} WARNING - 24/08/18 16:53:48 WARN HiveConf: HiveConf of name hive.compactor.wait.timeout does not exist
[2024-08-18T09:53:48.925+0000] {ssh.py:545} WARNING - 24/08/18 16:53:48 WARN HiveConf: HiveConf of name hive.llap.nodehealthchecks.executorratio does not exist
[2024-08-18T09:53:48.925+0000] {ssh.py:545} WARNING - 24/08/18 16:53:48 WARN HiveConf: HiveConf of name hive.optimize.transform.in.maxnodes does not exist
[2024-08-18T09:53:48.926+0000] {ssh.py:545} WARNING - 24/08/18 16:53:48 WARN HiveConf: HiveConf of name hive.parquet.date.proleptic.gregorian.default does not exist
[2024-08-18T09:53:48.926+0000] {ssh.py:545} WARNING - 24/08/18 16:53:48 WARN HiveConf: HiveConf of name hive.security.authorization.functions.in.view does not exist
[2024-08-18T09:53:48.926+0000] {ssh.py:545} WARNING - 24/08/18 16:53:48 WARN HiveConf: HiveConf of name hive.server2.saml2.sign.requests does not exist
[2024-08-18T09:53:48.927+0000] {ssh.py:545} WARNING - 24/08/18 16:53:48 WARN HiveConf: HiveConf of name hive.tez.dynamic.semijoin.reduction.for.mapjoin does not exist
[2024-08-18T09:53:48.927+0000] {ssh.py:545} WARNING - 24/08/18 16:53:48 WARN HiveConf: HiveConf of name hive.optimize.metadata.query.cache.enabled does not exist
[2024-08-18T09:53:48.927+0000] {ssh.py:545} WARNING - 24/08/18 16:53:48 WARN HiveConf: HiveConf of name hive.test.fail.load.dynamic.partition does not exist
[2024-08-18T09:53:48.927+0000] {ssh.py:545} WARNING - 24/08/18 16:53:48 WARN HiveConf: HiveConf of name hive.cli.tez.initialize.session does not exist
[2024-08-18T09:53:48.928+0000] {ssh.py:545} WARNING - 24/08/18 16:53:48 WARN HiveConf: HiveConf of name hive.vectorized.complex.types.enabled does not exist
[2024-08-18T09:53:48.928+0000] {ssh.py:545} WARNING - 24/08/18 16:53:48 WARN HiveConf: HiveConf of name hive.server2.wm.worker.threads does not exist
[2024-08-18T09:53:48.928+0000] {ssh.py:545} WARNING - 24/08/18 16:53:48 WARN HiveConf: HiveConf of name hive.server2.wm.delayed.move does not exist
[2024-08-18T09:53:48.928+0000] {ssh.py:545} WARNING - 24/08/18 16:53:48 WARN HiveConf: HiveConf of name hive.llap.daemon.umbilical.port does not exist
[2024-08-18T09:53:48.929+0000] {ssh.py:545} WARNING - 24/08/18 16:53:48 WARN HiveConf: HiveConf of name hive.server2.saml2.callback.token.ttl does not exist
[2024-08-18T09:53:48.929+0000] {ssh.py:545} WARNING - 24/08/18 16:53:48 WARN HiveConf: HiveConf of name hive.repl.partitions.dump.parallelism does not exist
[2024-08-18T09:53:48.930+0000] {ssh.py:545} WARNING - 24/08/18 16:53:48 WARN HiveConf: HiveConf of name hive.thrift.client.max.message.size does not exist
[2024-08-18T09:53:48.930+0000] {ssh.py:545} WARNING - 24/08/18 16:53:48 WARN HiveConf: HiveConf of name hive.metastore.uri.selection does not exist
[2024-08-18T09:53:48.931+0000] {ssh.py:545} WARNING - 24/08/18 16:53:48 WARN HiveConf: HiveConf of name hive.strict.checks.no.partition.filter does not exist
[2024-08-18T09:53:48.931+0000] {ssh.py:545} WARNING - 24/08/18 16:53:48 WARN HiveConf: HiveConf of name hive.datetime.formatter does not exist
[2024-08-18T09:53:48.931+0000] {ssh.py:545} WARNING - 24/08/18 16:53:48 WARN HiveConf: HiveConf of name hive.tez.dynamic.semijoin.reduction.for.dpp.factor does not exist
[2024-08-18T09:53:48.932+0000] {ssh.py:545} WARNING - 24/08/18 16:53:48 WARN HiveConf: HiveConf of name hive.materializedview.rewriting.sql does not exist
[2024-08-18T09:53:48.933+0000] {ssh.py:545} WARNING - 24/08/18 16:53:48 WARN HiveConf: HiveConf of name hive.compactor.delayed.cleanup.enabled does not exist
[2024-08-18T09:53:48.934+0000] {ssh.py:545} WARNING - 24/08/18 16:53:48 WARN HiveConf: HiveConf of name hive.stats.filter.in.min.ratio does not exist
[2024-08-18T09:53:48.935+0000] {ssh.py:545} WARNING - 24/08/18 16:53:48 WARN HiveConf: HiveConf of name hive.optimize.shared.work.downstream.merge does not exist
[2024-08-18T09:53:48.935+0000] {ssh.py:545} WARNING - 24/08/18 16:53:48 WARN HiveConf: HiveConf of name hive.server2.webui.xframe.enabled does not exist
[2024-08-18T09:53:48.936+0000] {ssh.py:545} WARNING - 24/08/18 16:53:48 WARN HiveConf: HiveConf of name hive.metastore.client.cache.initial.capacity does not exist
[2024-08-18T09:53:48.936+0000] {ssh.py:545} WARNING - 24/08/18 16:53:48 WARN HiveConf: HiveConf of name hive.repl.retry.total.duration does not exist
[2024-08-18T09:53:48.937+0000] {ssh.py:545} WARNING - 24/08/18 16:53:48 WARN HiveConf: HiveConf of name hive.hook.proto.file.per.event does not exist
[2024-08-18T09:53:48.937+0000] {ssh.py:545} WARNING - 24/08/18 16:53:48 WARN HiveConf: HiveConf of name hive.compactor.worker.sleep.time does not exist
[2024-08-18T09:53:48.938+0000] {ssh.py:545} WARNING - 24/08/18 16:53:48 WARN HiveConf: HiveConf of name hive.llap.daemon.web.xframe.enabled does not exist
[2024-08-18T09:53:48.939+0000] {ssh.py:545} WARNING - 24/08/18 16:53:48 WARN HiveConf: HiveConf of name hive.stats.ndv.estimate.percent does not exist
[2024-08-18T09:53:48.939+0000] {ssh.py:545} WARNING - 24/08/18 16:53:48 WARN HiveConf: HiveConf of name hive.server2.webui.cors.allowed.methods does not exist
[2024-08-18T09:53:48.940+0000] {ssh.py:545} WARNING - 24/08/18 16:53:48 WARN HiveConf: HiveConf of name hive.optimize.joinreducededuplication does not exist
[2024-08-18T09:53:48.940+0000] {ssh.py:545} WARNING - 24/08/18 16:53:48 WARN HiveConf: HiveConf of name hive.tez.dynamic.partition.pruning.extended does not exist
[2024-08-18T09:53:48.941+0000] {ssh.py:545} WARNING - 24/08/18 16:53:48 WARN HiveConf: HiveConf of name hive.stats.estimators.enable does not exist
[2024-08-18T09:53:48.942+0000] {ssh.py:545} WARNING - 24/08/18 16:53:48 WARN HiveConf: HiveConf of name hive.optimize.bi.rewrite.cume_dist.enabled does not exist
[2024-08-18T09:53:48.942+0000] {ssh.py:545} WARNING - 24/08/18 16:53:48 WARN HiveConf: HiveConf of name hive.metastore.client.cache.enabled does not exist
[2024-08-18T09:53:48.942+0000] {ssh.py:545} WARNING - 24/08/18 16:53:48 WARN HiveConf: HiveConf of name hive.scheduled.queries.executor.progress.report.interval does not exist
[2024-08-18T09:53:48.943+0000] {ssh.py:545} WARNING - 24/08/18 16:53:48 WARN HiveConf: HiveConf of name hive.test.acid.key.index.skip does not exist
[2024-08-18T09:53:48.943+0000] {ssh.py:545} WARNING - 24/08/18 16:53:48 WARN HiveConf: HiveConf of name hive.stats.fetch.bitvector does not exist
[2024-08-18T09:53:48.943+0000] {ssh.py:545} WARNING - 24/08/18 16:53:48 WARN HiveConf: HiveConf of name hive.disable.unsafe.external.table.operations does not exist
[2024-08-18T09:53:48.944+0000] {ssh.py:545} WARNING - 24/08/18 16:53:48 WARN HiveConf: HiveConf of name hive.materializedview.rewriting.incremental does not exist
[2024-08-18T09:53:48.944+0000] {ssh.py:545} WARNING - 24/08/18 16:53:48 WARN HiveConf: HiveConf of name hive.server2.materializedviews.registry.impl does not exist
[2024-08-18T09:53:48.944+0000] {ssh.py:545} WARNING - 24/08/18 16:53:48 WARN HiveConf: HiveConf of name hive.llap.io.etl.skip.format does not exist
[2024-08-18T09:53:48.944+0000] {ssh.py:545} WARNING - 24/08/18 16:53:48 WARN HiveConf: HiveConf of name hive.metastore.event.db.notification.api.auth does not exist
[2024-08-18T09:53:48.945+0000] {ssh.py:545} WARNING - 24/08/18 16:53:48 WARN HiveConf: HiveConf of name hive.exec.orc.delta.streaming.optimizations.enabled does not exist
[2024-08-18T09:53:48.945+0000] {ssh.py:545} WARNING - 24/08/18 16:53:48 WARN HiveConf: HiveConf of name hive.optimize.shared.work.dppunion.merge.eventops does not exist
[2024-08-18T09:53:48.946+0000] {ssh.py:545} WARNING - 24/08/18 16:53:48 WARN HiveConf: HiveConf of name hive.stats.ndv.algo does not exist
[2024-08-18T09:53:48.946+0000] {ssh.py:545} WARNING - 24/08/18 16:53:48 WARN HiveConf: HiveConf of name hive.stats.udtf.factor does not exist
[2024-08-18T09:53:48.946+0000] {ssh.py:545} WARNING - 24/08/18 16:53:48 WARN HiveConf: HiveConf of name hive.llap.task.scheduler.am.collect.daemon.metrics.ms does not exist
[2024-08-18T09:53:48.947+0000] {ssh.py:545} WARNING - 24/08/18 16:53:48 WARN HiveConf: HiveConf of name hive.stats.filter.range.uniform does not exist
[2024-08-18T09:53:48.947+0000] {ssh.py:545} WARNING - 24/08/18 16:53:48 WARN HiveConf: HiveConf of name hive.msck.repair.batch.max.retries does not exist
[2024-08-18T09:53:48.947+0000] {ssh.py:545} WARNING - 24/08/18 16:53:48 WARN HiveConf: HiveConf of name hive.repl.load.partitions.batch.size does not exist
[2024-08-18T09:53:48.948+0000] {ssh.py:545} WARNING - 24/08/18 16:53:48 WARN HiveConf: HiveConf of name hive.optimize.update.table.properties.from.serde.list does not exist
[2024-08-18T09:53:48.948+0000] {ssh.py:545} WARNING - 24/08/18 16:53:48 WARN HiveConf: HiveConf of name hive.zookeeper.killquery.enable does not exist
[2024-08-18T09:53:48.949+0000] {ssh.py:545} WARNING - 24/08/18 16:53:48 WARN HiveConf: HiveConf of name hive.txn.acid.metrics.max.cache.size does not exist
[2024-08-18T09:53:48.949+0000] {ssh.py:545} WARNING - 24/08/18 16:53:48 WARN HiveConf: HiveConf of name hive.zookeeper.ssl.client.enable does not exist
[2024-08-18T09:53:48.950+0000] {ssh.py:545} WARNING - 24/08/18 16:53:48 WARN HiveConf: HiveConf of name hive.compactor.aborted.txn.time.threshold does not exist
[2024-08-18T09:53:48.950+0000] {ssh.py:545} WARNING - 24/08/18 16:53:48 WARN HiveConf: HiveConf of name hive.lock.file.move.protect does not exist
[2024-08-18T09:53:48.950+0000] {ssh.py:545} WARNING - 24/08/18 16:53:48 WARN HiveConf: HiveConf of name hive.acid.lockless.reads.enabled does not exist
[2024-08-18T09:53:48.951+0000] {ssh.py:545} WARNING - 24/08/18 16:53:48 WARN HiveConf: HiveConf of name hive.server2.webui.max.graph.size does not exist
[2024-08-18T09:53:48.951+0000] {ssh.py:545} WARNING - 24/08/18 16:53:48 WARN HiveConf: HiveConf of name hive.llap.plugin.client.num.threads does not exist
[2024-08-18T09:53:48.951+0000] {ssh.py:545} WARNING - 24/08/18 16:53:48 WARN HiveConf: HiveConf of name hive.test.bucketcodec.version does not exist
[2024-08-18T09:53:48.952+0000] {ssh.py:545} WARNING - 24/08/18 16:53:48 WARN HiveConf: HiveConf of name hive.txn.write.acid.version.file does not exist
[2024-08-18T09:53:48.952+0000] {ssh.py:545} WARNING - 24/08/18 16:53:48 WARN HiveConf: HiveConf of name hive.query.reexecution.enabled does not exist
[2024-08-18T09:53:48.953+0000] {ssh.py:545} WARNING - 24/08/18 16:53:48 WARN HiveConf: HiveConf of name hive.materializedview.rewriting.time.window does not exist
[2024-08-18T09:53:48.953+0000] {ssh.py:545} WARNING - 24/08/18 16:53:48 WARN HiveConf: HiveConf of name hive.query.reexecution.stats.cache.batch.size does not exist
[2024-08-18T09:53:48.953+0000] {ssh.py:545} WARNING - 24/08/18 16:53:48 WARN HiveConf: HiveConf of name hive.compactor.small.delta.dir.threshold does not exist
[2024-08-18T09:53:48.953+0000] {ssh.py:545} WARNING - 24/08/18 16:53:48 WARN HiveConf: HiveConf of name hive.optimize.bi.rewrite.countdistinct.enabled does not exist
[2024-08-18T09:53:48.954+0000] {ssh.py:545} WARNING - 24/08/18 16:53:48 WARN HiveConf: HiveConf of name hive.server2.webui.cors.allowed.headers does not exist
[2024-08-18T09:53:48.954+0000] {ssh.py:545} WARNING - 24/08/18 16:53:48 WARN HiveConf: HiveConf of name hive.llap.daemon.metrics.timed.window.average.data.points does not exist
[2024-08-18T09:53:48.954+0000] {ssh.py:545} WARNING - 24/08/18 16:53:48 WARN HiveConf: HiveConf of name hive.avro.timestamp.write.legacy.conversion.enabled does not exist
[2024-08-18T09:53:48.955+0000] {ssh.py:545} WARNING - 24/08/18 16:53:48 WARN HiveConf: HiveConf of name hive.join.inner.residual does not exist
[2024-08-18T09:53:48.955+0000] {ssh.py:545} WARNING - 24/08/18 16:53:48 WARN HiveConf: HiveConf of name hive.server2.active.passive.ha.enable does not exist
[2024-08-18T09:53:48.955+0000] {ssh.py:545} WARNING - 24/08/18 16:53:48 WARN HiveConf: HiveConf of name hive.llap.io.trace.always.dump does not exist
[2024-08-18T09:53:48.956+0000] {ssh.py:545} WARNING - 24/08/18 16:53:48 WARN HiveConf: HiveConf of name hive.query.reexecution.stats.persist.scope does not exist
[2024-08-18T09:53:48.956+0000] {ssh.py:545} WARNING - 24/08/18 16:53:48 WARN HiveConf: HiveConf of name hive.llap.hdfs.package.dir does not exist
[2024-08-18T09:53:48.957+0000] {ssh.py:545} WARNING - 24/08/18 16:53:48 WARN HiveConf: HiveConf of name hive.txn.xlock.ctas does not exist
[2024-08-18T09:53:48.957+0000] {ssh.py:545} WARNING - 24/08/18 16:53:48 WARN HiveConf: HiveConf of name hive.ctas.external.tables does not exist
[2024-08-18T09:53:48.957+0000] {ssh.py:545} WARNING - 24/08/18 16:53:48 WARN HiveConf: HiveConf of name hive.mm.allow.originals does not exist
[2024-08-18T09:53:48.958+0000] {ssh.py:545} WARNING - 24/08/18 16:53:48 WARN HiveConf: HiveConf of name hive.optimize.shared.work.merge.ts.schema does not exist
[2024-08-18T09:53:48.958+0000] {ssh.py:545} WARNING - 24/08/18 16:53:48 WARN HiveConf: HiveConf of name hive.scheduled.queries.create.as.enabled does not exist
[2024-08-18T09:53:48.958+0000] {ssh.py:545} WARNING - 24/08/18 16:53:48 WARN HiveConf: HiveConf of name hive.compactor.compact.insert.only does not exist
[2024-08-18T09:53:48.958+0000] {ssh.py:545} WARNING - 24/08/18 16:53:48 WARN HiveConf: HiveConf of name hive.repl.ranger.client.read.timeout does not exist
[2024-08-18T09:53:48.959+0000] {ssh.py:545} WARNING - 24/08/18 16:53:48 WARN HiveConf: HiveConf of name hive.avro.proleptic.gregorian does not exist
[2024-08-18T09:53:48.959+0000] {ssh.py:545} WARNING - 24/08/18 16:53:48 WARN HiveConf: HiveConf of name hive.load.dynamic.partitions.scan.specific.partitions does not exist
[2024-08-18T09:53:48.959+0000] {ssh.py:545} WARNING - 24/08/18 16:53:48 WARN HiveConf: HiveConf of name hive.write.notification.max.batch.size does not exist
[2024-08-18T09:53:48.959+0000] {ssh.py:545} WARNING - 24/08/18 16:53:48 WARN HiveConf: HiveConf of name hive.txn.xlock.iow does not exist
[2024-08-18T09:53:48.960+0000] {ssh.py:545} WARNING - 24/08/18 16:53:48 WARN HiveConf: HiveConf of name hive.lineage.hook.info.enabled does not exist
[2024-08-18T09:53:48.960+0000] {ssh.py:545} WARNING - 24/08/18 16:53:48 WARN HiveConf: HiveConf of name hive.test.load.utilization does not exist
[2024-08-18T09:53:48.960+0000] {ssh.py:545} WARNING - 24/08/18 16:53:48 WARN HiveConf: HiveConf of name hive.llap.cache.defaultfs.only.native.fileid does not exist
[2024-08-18T09:53:48.960+0000] {ssh.py:545} WARNING - 24/08/18 16:53:48 WARN HiveConf: HiveConf of name hive.server2.saml2.want.assertions.signed does not exist
[2024-08-18T09:53:48.961+0000] {ssh.py:545} WARNING - 24/08/18 16:53:48 WARN HiveConf: HiveConf of name hive.repl.ha.datapath.replace.remote.nameservice does not exist
[2024-08-18T09:53:48.961+0000] {ssh.py:545} WARNING - 24/08/18 16:53:48 WARN HiveConf: HiveConf of name hive.server2.operation.log.purgePolicy.timeToLive does not exist
[2024-08-18T09:53:48.961+0000] {ssh.py:545} WARNING - 24/08/18 16:53:48 WARN HiveConf: HiveConf of name hive.llap.kerberos.enabled does not exist
[2024-08-18T09:53:48.961+0000] {ssh.py:545} WARNING - 24/08/18 16:53:48 WARN HiveConf: HiveConf of name hive.testing.remove.logs does not exist
[2024-08-18T09:53:48.962+0000] {ssh.py:545} WARNING - 24/08/18 16:53:48 WARN HiveConf: HiveConf of name hive.distcp.privileged.doAs does not exist
[2024-08-18T09:53:48.962+0000] {ssh.py:545} WARNING - 24/08/18 16:53:48 WARN HiveConf: HiveConf of name hive.strict.checks.orderby.no.limit does not exist
[2024-08-18T09:53:48.962+0000] {ssh.py:545} WARNING - 24/08/18 16:53:48 WARN HiveConf: HiveConf of name hive.cbo.stats.correlated.multi.key.joins does not exist
[2024-08-18T09:53:48.962+0000] {ssh.py:545} WARNING - 24/08/18 16:53:48 WARN HiveConf: HiveConf of name hive.repl.table.dump.parallelism does not exist
[2024-08-18T09:53:48.963+0000] {ssh.py:545} WARNING - 24/08/18 16:53:48 WARN HiveConf: HiveConf of name hive.explain.node.visit.limit does not exist
[2024-08-18T09:53:48.963+0000] {ssh.py:545} WARNING - 24/08/18 16:53:48 WARN HiveConf: HiveConf of name hive.metastore.client.cache.expiry.time does not exist
[2024-08-18T09:53:48.964+0000] {ssh.py:545} WARNING - 24/08/18 16:53:48 WARN HiveConf: HiveConf of name hive.async.cleanup.service.queue.size does not exist
[2024-08-18T09:53:48.964+0000] {ssh.py:545} WARNING - 24/08/18 16:53:48 WARN HiveConf: HiveConf of name hive.llap.io.allocator.defrag.headroom does not exist
[2024-08-18T09:53:48.964+0000] {ssh.py:545} WARNING - 24/08/18 16:53:48 WARN HiveConf: HiveConf of name hive.notification.event.consumers does not exist
[2024-08-18T09:53:48.965+0000] {ssh.py:545} WARNING - 24/08/18 16:53:48 WARN HiveConf: HiveConf of name hive.iceberg.mask.default.location does not exist
[2024-08-18T09:53:48.965+0000] {ssh.py:545} WARNING - 24/08/18 16:53:48 WARN HiveConf: HiveConf of name hive.vectorized.input.format.supports.enabled does not exist
[2024-08-18T09:53:48.965+0000] {ssh.py:545} WARNING - 24/08/18 16:53:48 WARN HiveConf: HiveConf of name hive.metastore.client.cache.max.capacity does not exist
[2024-08-18T09:53:48.966+0000] {ssh.py:545} WARNING - 24/08/18 16:53:48 WARN HiveConf: HiveConf of name hive.compactor.crud.query.based does not exist
[2024-08-18T09:53:48.966+0000] {ssh.py:545} WARNING - 24/08/18 16:53:48 WARN HiveConf: HiveConf of name hive.hook.proto.events.ttl does not exist
[2024-08-18T09:53:48.966+0000] {ssh.py:545} WARNING - 24/08/18 16:53:48 WARN HiveConf: HiveConf of name hive.compactor.request.queue does not exist
[2024-08-18T09:53:48.967+0000] {ssh.py:545} WARNING - 24/08/18 16:53:48 WARN HiveConf: HiveConf of name hive.server2.wm.namespace does not exist
[2024-08-18T09:53:48.967+0000] {ssh.py:545} WARNING - 24/08/18 16:53:48 WARN HiveConf: HiveConf of name hive.llap.max.concurrent.requests.per.daemon does not exist
[2024-08-18T09:53:48.967+0000] {ssh.py:545} WARNING - 24/08/18 16:53:48 WARN HiveConf: HiveConf of name hive.metastore.client.cache.v2.enabled does not exist
[2024-08-18T09:53:48.968+0000] {ssh.py:545} WARNING - 24/08/18 16:53:48 WARN HiveConf: HiveConf of name hive.parquet.timestamp.write.legacy.conversion.enabled does not exist
[2024-08-18T09:53:48.968+0000] {ssh.py:545} WARNING - 24/08/18 16:53:48 WARN HiveConf: HiveConf of name hive.llap.nodehealthchecks.minintervalduration does not exist
[2024-08-18T09:53:48.968+0000] {ssh.py:545} WARNING - 24/08/18 16:53:48 WARN HiveConf: HiveConf of name hive.llap.external.client.cloud.rpc.port does not exist
[2024-08-18T09:53:48.968+0000] {ssh.py:545} WARNING - 24/08/18 16:53:48 WARN HiveConf: HiveConf of name hive.repl.include.authorization.metadata does not exist
[2024-08-18T09:53:48.969+0000] {ssh.py:545} WARNING - 24/08/18 16:53:48 WARN HiveConf: HiveConf of name hive.llap.cache.hydration.save.dir does not exist
[2024-08-18T09:53:48.969+0000] {ssh.py:545} WARNING - 24/08/18 16:53:48 WARN HiveConf: HiveConf of name hive.repl.parallel.copy.tasks does not exist
[2024-08-18T09:53:48.969+0000] {ssh.py:545} WARNING - 24/08/18 16:53:48 WARN HiveConf: HiveConf of name hive.repl.external.warehouse.single.copy.task does not exist
[2024-08-18T09:53:48.970+0000] {ssh.py:545} WARNING - 24/08/18 16:53:48 WARN HiveConf: HiveConf of name hive.server2.webui.use.pam does not exist
[2024-08-18T09:53:48.970+0000] {ssh.py:545} WARNING - 24/08/18 16:53:48 WARN HiveConf: HiveConf of name hive.ptf.valuecache.collect.statistics does not exist
[2024-08-18T09:53:48.970+0000] {ssh.py:545} WARNING - 24/08/18 16:53:48 WARN HiveConf: HiveConf of name hive.query.reexecution.max.count does not exist
[2024-08-18T09:53:48.970+0000] {ssh.py:545} WARNING - 24/08/18 16:53:48 WARN HiveConf: HiveConf of name hive.llap.io.share.object.pools does not exist
[2024-08-18T09:53:48.971+0000] {ssh.py:545} WARNING - 24/08/18 16:53:48 WARN HiveConf: HiveConf of name hive.optimize.update.table.properties.from.serde does not exist
[2024-08-18T09:53:48.971+0000] {ssh.py:545} WARNING - 24/08/18 16:53:48 WARN HiveConf: HiveConf of name hive.service.metrics.codahale.reporter.classes does not exist
[2024-08-18T09:53:48.971+0000] {ssh.py:545} WARNING - 24/08/18 16:53:48 WARN HiveConf: HiveConf of name hive.compactor.cleaner.duration.update.interval does not exist
[2024-08-18T09:53:48.971+0000] {ssh.py:545} WARNING - 24/08/18 16:53:48 WARN HiveConf: HiveConf of name hive.tez.session.events.print.summary does not exist
[2024-08-18T09:53:48.972+0000] {ssh.py:545} WARNING - 24/08/18 16:53:48 WARN HiveConf: HiveConf of name hive.security.hbase.urlencode.authorization.uri does not exist
[2024-08-18T09:53:48.972+0000] {ssh.py:545} WARNING - 24/08/18 16:53:48 WARN HiveConf: HiveConf of name hive.optimize.acid.meta.columns does not exist
[2024-08-18T09:53:48.972+0000] {ssh.py:545} WARNING - 24/08/18 16:53:48 WARN HiveConf: HiveConf of name hive.optimize.bi.rewrite.cume_dist.sketch does not exist
[2024-08-18T09:53:48.972+0000] {ssh.py:545} WARNING - 24/08/18 16:53:48 WARN HiveConf: HiveConf of name hive.llap.daemon.metrics.timed.window.average.window.length does not exist
[2024-08-18T09:53:48.973+0000] {ssh.py:545} WARNING - 24/08/18 16:53:48 WARN HiveConf: HiveConf of name hive.mm.avoid.s3.globstatus does not exist
[2024-08-18T09:53:48.973+0000] {ssh.py:545} WARNING - 24/08/18 16:53:48 WARN HiveConf: HiveConf of name hive.repl.externaltable.snapshotdiff.copy does not exist
[2024-08-18T09:53:48.974+0000] {ssh.py:545} WARNING - 24/08/18 16:53:48 WARN HiveConf: HiveConf of name hive.repl.replica.functions.root.dir does not exist
[2024-08-18T09:53:48.974+0000] {ssh.py:545} WARNING - 24/08/18 16:53:48 WARN HiveConf: HiveConf of name hive.avro.timestamp.legacy.conversion.enabled does not exist
[2024-08-18T09:53:48.974+0000] {ssh.py:545} WARNING - 24/08/18 16:53:48 WARN HiveConf: HiveConf of name hive.query.results.cache.max.entry.lifetime does not exist
[2024-08-18T09:53:48.975+0000] {ssh.py:545} WARNING - 24/08/18 16:53:48 WARN HiveConf: HiveConf of name hive.fetch.task.caching does not exist
[2024-08-18T09:53:48.975+0000] {ssh.py:545} WARNING - 24/08/18 16:53:48 WARN HiveConf: HiveConf of name hive.server2.limit.connections.per.user does not exist
[2024-08-18T09:53:48.975+0000] {ssh.py:545} WARNING - 24/08/18 16:53:48 WARN HiveConf: HiveConf of name hive.optimize.shared.work.parallel.edge.support does not exist
[2024-08-18T09:53:48.976+0000] {ssh.py:545} WARNING - 24/08/18 16:53:48 WARN HiveConf: HiveConf of name hive.optimize.sort.dynamic.partition.threshold does not exist
[2024-08-18T09:53:48.976+0000] {ssh.py:545} WARNING - 24/08/18 16:53:48 WARN HiveConf: HiveConf of name hive.server2.thrift.http.compression.enabled does not exist
[2024-08-18T09:53:48.976+0000] {ssh.py:545} WARNING - 24/08/18 16:53:48 WARN HiveConf: HiveConf of name hive.split.update does not exist
[2024-08-18T09:53:48.976+0000] {ssh.py:545} WARNING - 24/08/18 16:53:48 WARN HiveConf: HiveConf of name hive.strict.managed.tables does not exist
[2024-08-18T09:53:48.977+0000] {ssh.py:545} WARNING - 24/08/18 16:53:48 WARN HiveConf: HiveConf of name hive.optimize.limit does not exist
[2024-08-18T09:53:48.977+0000] {ssh.py:545} WARNING - 24/08/18 16:53:48 WARN HiveConf: HiveConf of name hive.optimize.bi.rewrite.rank.enabled does not exist
[2024-08-18T09:53:48.977+0000] {ssh.py:545} WARNING - 24/08/18 16:53:48 WARN HiveConf: HiveConf of name hive.vectorized.execution.ptf.enabled does not exist
[2024-08-18T09:53:48.977+0000] {ssh.py:545} WARNING - 24/08/18 16:53:48 WARN HiveConf: HiveConf of name hive.optimize.shared.work.extended does not exist
[2024-08-18T09:53:48.978+0000] {ssh.py:545} WARNING - 24/08/18 16:53:48 WARN HiveConf: HiveConf of name hive.vectorized.row.identifier.enabled does not exist
[2024-08-18T09:53:48.978+0000] {ssh.py:545} WARNING - 24/08/18 16:53:48 WARN HiveConf: HiveConf of name hive.query.reexecution.always.collect.operator.stats does not exist
[2024-08-18T09:53:48.978+0000] {ssh.py:545} WARNING - 24/08/18 16:53:48 WARN HiveConf: HiveConf of name hive.compactor.worker.max.sleep.time does not exist
[2024-08-18T09:53:48.979+0000] {ssh.py:545} WARNING - 24/08/18 16:53:48 WARN HiveConf: HiveConf of name hive.optimize.bi.rewrite.ntile.sketch does not exist
[2024-08-18T09:53:48.979+0000] {ssh.py:545} WARNING - 24/08/18 16:53:48 WARN HiveConf: HiveConf of name hive.server2.historic.operation.log.check.interval does not exist
[2024-08-18T09:53:48.979+0000] {ssh.py:545} WARNING - 24/08/18 16:53:48 WARN HiveConf: HiveConf of name hive.txn.nonacid.read.locks does not exist
[2024-08-18T09:53:48.979+0000] {ssh.py:545} WARNING - 24/08/18 16:53:48 WARN HiveConf: HiveConf of name hive.optimize.cte.materialize.full.aggregate.only does not exist
[2024-08-18T09:53:48.980+0000] {ssh.py:545} WARNING - 24/08/18 16:53:48 WARN HiveConf: HiveConf of name hive.llap.exec.use.fqdn does not exist
[2024-08-18T09:53:48.980+0000] {ssh.py:545} WARNING - 24/08/18 16:53:48 WARN HiveConf: HiveConf of name hive.local.time.zone does not exist
[2024-08-18T09:53:48.980+0000] {ssh.py:545} WARNING - 24/08/18 16:53:48 WARN HiveConf: HiveConf of name hive.server2.tez.wm.am.registry.timeout does not exist
[2024-08-18T09:53:48.981+0000] {ssh.py:545} WARNING - 24/08/18 16:53:48 WARN HiveConf: HiveConf of name hive.llap.io.lrfu.hotbuffers.percentage does not exist
[2024-08-18T09:53:48.981+0000] {ssh.py:545} WARNING - 24/08/18 16:53:48 WARN HiveConf: HiveConf of name hive.server2.active.passive.ha.registry.namespace does not exist
[2024-08-18T09:53:48.981+0000] {ssh.py:545} WARNING - 24/08/18 16:53:48 WARN HiveConf: HiveConf of name hive.create.as.insert.only does not exist
[2024-08-18T09:53:48.981+0000] {ssh.py:545} WARNING - 24/08/18 16:53:48 WARN HiveConf: HiveConf of name hive.repl.bootstrap.external.tables does not exist
[2024-08-18T09:53:48.982+0000] {ssh.py:545} WARNING - 24/08/18 16:53:48 WARN HiveConf: HiveConf of name hive.llap.mapjoin.memory.oversubscribe.factor does not exist
[2024-08-18T09:53:48.982+0000] {ssh.py:545} WARNING - 24/08/18 16:53:48 WARN HiveConf: HiveConf of name hive.arrow.batch.size does not exist
[2024-08-18T09:53:48.983+0000] {ssh.py:545} WARNING - 24/08/18 16:53:48 WARN HiveConf: HiveConf of name hive.server2.operation.log.fetch.maxBytes does not exist
[2024-08-18T09:53:48.983+0000] {ssh.py:545} WARNING - 24/08/18 16:53:48 WARN HiveConf: HiveConf of name hive.optimize.shared.work.dppunion does not exist
[2024-08-18T09:53:48.983+0000] {ssh.py:545} WARNING - 24/08/18 16:53:48 WARN HiveConf: HiveConf of name hive.notification.sequence.lock.retry.sleep.interval does not exist
[2024-08-18T09:53:48.983+0000] {ssh.py:545} WARNING - 24/08/18 16:53:48 WARN HiveConf: HiveConf of name hive.parquet.date.proleptic.gregorian does not exist
[2024-08-18T09:53:48.984+0000] {ssh.py:545} WARNING - 24/08/18 16:53:48 WARN HiveConf: HiveConf of name hive.security.authorization.scheduled.queries.supported does not exist
[2024-08-18T09:53:48.984+0000] {ssh.py:545} WARNING - 24/08/18 16:53:48 WARN HiveConf: HiveConf of name hive.repl.approx.max.load.tasks does not exist
[2024-08-18T09:53:48.984+0000] {ssh.py:545} WARNING - 24/08/18 16:53:48 WARN HiveConf: HiveConf of name hive.query.results.cache.enabled does not exist
[2024-08-18T09:53:48.985+0000] {ssh.py:545} WARNING - 24/08/18 16:53:48 WARN HiveConf: HiveConf of name hive.legacy.schema.for.all.serdes does not exist
[2024-08-18T09:53:48.985+0000] {ssh.py:545} WARNING - 24/08/18 16:53:48 WARN HiveConf: HiveConf of name hive.llap.nodehealthchecks.mintasks does not exist
[2024-08-18T09:53:48.985+0000] {ssh.py:545} WARNING - 24/08/18 16:53:48 WARN HiveConf: HiveConf of name hive.repl.include.external.tables does not exist
[2024-08-18T09:53:48.985+0000] {ssh.py:545} WARNING - 24/08/18 16:53:48 WARN HiveConf: HiveConf of name hive.tez.dag.status.check.interval does not exist
[2024-08-18T09:53:48.986+0000] {ssh.py:545} WARNING - 24/08/18 16:53:48 WARN HiveConf: HiveConf of name hive.external.table.purge.default does not exist
[2024-08-18T09:53:48.986+0000] {ssh.py:545} WARNING - 24/08/18 16:53:48 WARN HiveConf: HiveConf of name hive.druid.bitmap.type does not exist
[2024-08-18T09:53:48.986+0000] {ssh.py:545} WARNING - 24/08/18 16:53:48 WARN HiveConf: HiveConf of name hive.exec.orc.blob.storage.split.size does not exist
[2024-08-18T09:53:48.987+0000] {ssh.py:545} WARNING - 24/08/18 16:53:48 WARN HiveConf: HiveConf of name hive.exec.orc.writer.llap.memory.manager.enabled does not exist
[2024-08-18T09:53:48.987+0000] {ssh.py:545} WARNING - 24/08/18 16:53:48 WARN HiveConf: HiveConf of name hive.repl.filter.transactions does not exist
[2024-08-18T09:53:48.987+0000] {ssh.py:545} WARNING - 24/08/18 16:53:48 WARN HiveConf: HiveConf of name hive.repl.externaltable.snapshot.overwrite.target does not exist
[2024-08-18T09:53:48.987+0000] {ssh.py:545} WARNING - 24/08/18 16:53:48 WARN HiveConf: HiveConf of name hive.extend.bucketid.range does not exist
[2024-08-18T09:53:48.988+0000] {ssh.py:545} WARNING - 24/08/18 16:53:48 WARN HiveConf: HiveConf of name hive.optimize.bi.rewrite.ntile.enabled does not exist
[2024-08-18T09:53:48.988+0000] {ssh.py:545} WARNING - 24/08/18 16:53:48 WARN HiveConf: HiveConf of name hive.llap.daemon.delegation.token.renew.interval does not exist
[2024-08-18T09:53:48.988+0000] {ssh.py:545} WARNING - 24/08/18 16:53:48 WARN HiveConf: HiveConf of name hive.llap.memory.oversubscription.max.executors.per.query does not exist
[2024-08-18T09:53:48.988+0000] {ssh.py:545} WARNING - 24/08/18 16:53:48 WARN HiveConf: HiveConf of name hive.compute.splits.num.threads does not exist
[2024-08-18T09:53:48.989+0000] {ssh.py:545} WARNING - 24/08/18 16:53:48 WARN HiveConf: HiveConf of name hive.concatenate.external.table does not exist
[2024-08-18T09:53:48.989+0000] {ssh.py:545} WARNING - 24/08/18 16:53:48 WARN HiveConf: HiveConf of name hive.vectorized.execution.filesink.arrow.native.enabled does not exist
[2024-08-18T09:53:48.989+0000] {ssh.py:545} WARNING - 24/08/18 16:53:48 WARN HiveConf: HiveConf of name hive.optimize.shared.work.semijoin does not exist
[2024-08-18T09:53:48.990+0000] {ssh.py:545} WARNING - 24/08/18 16:53:48 WARN HiveConf: HiveConf of name hive.llap.io.trace.size does not exist
[2024-08-18T09:53:48.990+0000] {ssh.py:545} WARNING - 24/08/18 16:53:48 WARN HiveConf: HiveConf of name hive.query.planmapper.link.relnodes does not exist
[2024-08-18T09:53:48.990+0000] {ssh.py:545} WARNING - 24/08/18 16:53:48 WARN HiveConf: HiveConf of name hive.kudu.master.addresses.default does not exist
[2024-08-18T09:53:48.991+0000] {ssh.py:545} WARNING - 24/08/18 16:53:48 WARN HiveConf: HiveConf of name hive.llap.plugin.rpc.num.handlers does not exist
[2024-08-18T09:53:48.991+0000] {ssh.py:545} WARNING - 24/08/18 16:53:48 WARN HiveConf: HiveConf of name hive.test.load.interval does not exist
[2024-08-18T09:53:48.991+0000] {ssh.py:545} WARNING - 24/08/18 16:53:48 WARN HiveConf: HiveConf of name hive.async.cleanup.service.thread.count does not exist
[2024-08-18T09:53:48.991+0000] {ssh.py:545} WARNING - 24/08/18 16:53:48 WARN HiveConf: HiveConf of name hive.server2.wm.allow.any.pool.via.jdbc does not exist
[2024-08-18T09:53:48.992+0000] {ssh.py:545} WARNING - 24/08/18 16:53:48 WARN HiveConf: HiveConf of name hive.repl.batch.incremental.events does not exist
[2024-08-18T09:53:48.992+0000] {ssh.py:545} WARNING - 24/08/18 16:53:48 WARN HiveConf: HiveConf of name hive.repl.dump.skip.immutable.data.copy does not exist
[2024-08-18T09:53:48.993+0000] {ssh.py:545} WARNING - 24/08/18 16:53:48 WARN HiveConf: HiveConf of name hive.repl.ranger.target.deny.policy does not exist
[2024-08-18T09:53:48.993+0000] {ssh.py:545} WARNING - 24/08/18 16:53:48 WARN HiveConf: HiveConf of name hive.vectorized.groupby.complex.types.enabled does not exist
[2024-08-18T09:53:48.993+0000] {ssh.py:545} WARNING - 24/08/18 16:53:48 WARN HiveConf: HiveConf of name hive.avro.timestamp.skip.conversion does not exist
[2024-08-18T09:53:48.994+0000] {ssh.py:545} WARNING - 24/08/18 16:53:48 WARN HiveConf: HiveConf of name hive.llap.io.proactive.eviction.instant.dealloc does not exist
[2024-08-18T09:53:48.994+0000] {ssh.py:545} WARNING - 24/08/18 16:53:48 WARN HiveConf: HiveConf of name hive.cbo.fallback.strategy does not exist
[2024-08-18T09:53:48.994+0000] {ssh.py:545} WARNING - 24/08/18 16:53:48 WARN HiveConf: HiveConf of name hive.query.results.cache.nontransactional.tables.enabled does not exist
[2024-08-18T09:53:48.994+0000] {ssh.py:545} WARNING - 24/08/18 16:53:48 WARN HiveConf: HiveConf of name hive.log.explain.output.include.extended does not exist
[2024-08-18T09:53:48.995+0000] {ssh.py:545} WARNING - 24/08/18 16:53:48 WARN HiveConf: HiveConf of name hive.stats.correlated.multi.key.joins does not exist
[2024-08-18T09:53:48.995+0000] {ssh.py:545} WARNING - 24/08/18 16:53:48 WARN HiveConf: HiveConf of name hive.compactor.active.delta.dir.threshold does not exist
[2024-08-18T09:53:48.995+0000] {ssh.py:545} WARNING - 24/08/18 16:53:48 WARN HiveConf: HiveConf of name hive.metastore.db.type does not exist
[2024-08-18T09:53:48.996+0000] {ssh.py:545} WARNING - 24/08/18 16:53:48 WARN HiveConf: HiveConf of name hive.compactor.acid.metrics.logger.frequency does not exist
[2024-08-18T09:53:48.996+0000] {ssh.py:545} WARNING - 24/08/18 16:53:48 WARN HiveConf: HiveConf of name hive.txn.acid.dir.cache.duration does not exist
[2024-08-18T09:53:48.997+0000] {ssh.py:545} WARNING - 24/08/18 16:53:48 WARN HiveConf: HiveConf of name hive.iceberg.allow.datafiles.in.table.location.only does not exist
[2024-08-18T09:53:48.997+0000] {ssh.py:545} WARNING - 24/08/18 16:53:48 WARN HiveConf: HiveConf of name hive.streaming.auto.flush.check.interval.size does not exist
[2024-08-18T09:53:48.997+0000] {ssh.py:545} WARNING - 24/08/18 16:53:48 WARN HiveConf: HiveConf of name hive.materializedview.rewriting.sql.subquery does not exist
[2024-08-18T09:53:48.998+0000] {ssh.py:545} WARNING - 24/08/18 16:53:48 WARN HiveConf: HiveConf of name hive.llap.io.lrfu.bp.wrapper.size does not exist
[2024-08-18T09:53:48.998+0000] {ssh.py:545} WARNING - 24/08/18 16:53:48 WARN HiveConf: HiveConf of name hive.ranger.use.fully.qualified.url does not exist
[2024-08-18T09:53:48.999+0000] {ssh.py:545} WARNING - 24/08/18 16:53:48 WARN HiveConf: HiveConf of name hive.server2.iceberg.metadata.generator.threads does not exist
[2024-08-18T09:53:48.999+0000] {ssh.py:545} WARNING - 24/08/18 16:53:48 WARN HiveConf: HiveConf of name hive.map.aggr.hash.min.reduction.stats does not exist
[2024-08-18T09:53:48.999+0000] {ssh.py:545} WARNING - 24/08/18 16:53:48 WARN HiveConf: HiveConf of name hive.zookeeper.connection.timeout does not exist
[2024-08-18T09:53:48.999+0000] {ssh.py:545} WARNING - 24/08/18 16:53:48 WARN HiveConf: HiveConf of name hive.query.reexecution.strategies does not exist
[2024-08-18T09:53:49.000+0000] {ssh.py:545} WARNING - 24/08/18 16:53:48 WARN HiveConf: HiveConf of name hive.metastore.client.cache.v2.maxSize does not exist
[2024-08-18T09:53:49.000+0000] {ssh.py:545} WARNING - 24/08/18 16:53:48 WARN HiveConf: HiveConf of name hive.llap.daemon.metrics.simple.average.data.points does not exist
[2024-08-18T09:53:49.000+0000] {ssh.py:545} WARNING - 24/08/18 16:53:48 WARN HiveConf: HiveConf of name hive.server2.limit.connections.per.user.ipaddress does not exist
[2024-08-18T09:53:49.001+0000] {ssh.py:545} WARNING - 24/08/18 16:53:48 WARN HiveConf: HiveConf of name hive.scheduled.queries.namespace does not exist
[2024-08-18T09:53:49.001+0000] {ssh.py:545} WARNING - 24/08/18 16:53:48 WARN HiveConf: HiveConf of name hive.txn.ext.locking.enabled does not exist
[2024-08-18T09:53:49.001+0000] {ssh.py:545} WARNING - 24/08/18 16:53:48 WARN HiveConf: HiveConf of name hive.split.grouping.mode does not exist
[2024-08-18T09:53:49.001+0000] {ssh.py:545} WARNING - 24/08/18 16:53:48 WARN HiveConf: HiveConf of name hive.txn.acid.metrics.delta.pct.threshold does not exist
[2024-08-18T09:53:49.002+0000] {ssh.py:545} WARNING - 24/08/18 16:53:48 WARN HiveConf: HiveConf of name hive.repl.include.materialized.views does not exist
[2024-08-18T09:53:49.002+0000] {ssh.py:545} WARNING - 24/08/18 16:53:48 WARN HiveConf: HiveConf of name hive.optimize.topnkey.efficiency.check.nbatches does not exist
[2024-08-18T09:53:49.002+0000] {ssh.py:545} WARNING - 24/08/18 16:53:48 WARN HiveConf: HiveConf of name hive.llap.mapjoin.memory.monitor.check.interval does not exist
[2024-08-18T09:53:49.003+0000] {ssh.py:545} WARNING - 24/08/18 16:53:48 WARN HiveConf: HiveConf of name hive.optimize.shared.work does not exist
[2024-08-18T09:53:49.003+0000] {ssh.py:545} WARNING - 24/08/18 16:53:48 WARN HiveConf: HiveConf of name hive.optimize.clustered.sort does not exist
[2024-08-18T09:53:49.003+0000] {ssh.py:545} WARNING - 24/08/18 16:53:48 WARN HiveConf: HiveConf of name hive.stats.estimate does not exist
[2024-08-18T09:53:49.003+0000] {ssh.py:545} WARNING - 24/08/18 16:53:48 WARN HiveConf: HiveConf of name hive.llap.io.proactive.eviction.sweep.interval does not exist
[2024-08-18T09:53:49.004+0000] {ssh.py:545} WARNING - 24/08/18 16:53:48 WARN HiveConf: HiveConf of name hive.repl.retry.max.delay.between.retries does not exist
[2024-08-18T09:53:49.004+0000] {ssh.py:545} WARNING - 24/08/18 16:53:48 WARN HiveConf: HiveConf of name hive.ppd.recognize.column.equalities does not exist
[2024-08-18T09:53:49.004+0000] {ssh.py:545} WARNING - 24/08/18 16:53:48 WARN HiveConf: HiveConf of name hive.server2.webui.show.graph does not exist
[2024-08-18T09:53:49.005+0000] {ssh.py:545} WARNING - 24/08/18 16:53:48 WARN HiveConf: HiveConf of name hive.repl.failover.start does not exist
[2024-08-18T09:53:49.005+0000] {ssh.py:545} WARNING - 24/08/18 16:53:48 WARN HiveConf: HiveConf of name hive.llap.io.allocator.discard.method does not exist
[2024-08-18T09:53:49.005+0000] {ssh.py:545} WARNING - 24/08/18 16:53:48 WARN HiveConf: HiveConf of name hive.tez.cartesian-product.enabled does not exist
[2024-08-18T09:53:49.006+0000] {ssh.py:545} WARNING - 24/08/18 16:53:48 WARN HiveConf: HiveConf of name hive.llap.split.location.provider.class does not exist
[2024-08-18T09:53:49.006+0000] {ssh.py:545} WARNING - 24/08/18 16:53:48 WARN HiveConf: HiveConf of name hive.notification.sequence.lock.max.retries does not exist
[2024-08-18T09:53:49.006+0000] {ssh.py:545} WARNING - 24/08/18 16:53:48 WARN HiveConf: HiveConf of name hive.heap.memory.monitor.usage.threshold does not exist
[2024-08-18T09:53:49.006+0000] {ssh.py:545} WARNING - 24/08/18 16:53:48 WARN HiveConf: HiveConf of name hive.llap.io.encode.threadpool.multiplier does not exist
[2024-08-18T09:53:49.007+0000] {ssh.py:545} WARNING - 24/08/18 16:53:48 WARN HiveConf: HiveConf of name hive.repl.include.atlas.metadata does not exist
[2024-08-18T09:53:49.010+0000] {ssh.py:545} WARNING - 24/08/18 16:53:48 WARN HiveConf: HiveConf of name hive.compactor.cleaner.threads.num does not exist
[2024-08-18T09:53:49.011+0000] {ssh.py:545} WARNING - 24/08/18 16:53:48 WARN HiveConf: HiveConf of name hive.privilege.synchronizer.interval does not exist
[2024-08-18T09:53:49.011+0000] {ssh.py:545} WARNING - 24/08/18 16:53:48 WARN HiveConf: HiveConf of name hive.create.as.external.legacy does not exist
[2024-08-18T09:53:49.011+0000] {ssh.py:545} WARNING - 24/08/18 16:53:48 WARN HiveConf: HiveConf of name hive.use.scratchdir.for.staging does not exist
[2024-08-18T09:53:49.012+0000] {ssh.py:545} WARNING - 24/08/18 16:53:48 WARN HiveConf: HiveConf of name hive.vectorized.adaptor.suppress.evaluate.exceptions does not exist
[2024-08-18T09:53:49.012+0000] {ssh.py:545} WARNING - 24/08/18 16:53:48 WARN HiveConf: HiveConf of name hive.llap.io.allocator.preallocate does not exist
[2024-08-18T09:53:49.012+0000] {ssh.py:545} WARNING - 24/08/18 16:53:48 WARN HiveConf: HiveConf of name hive.materializedview.rebuild.incremental does not exist
[2024-08-18T09:53:49.012+0000] {ssh.py:545} WARNING - 24/08/18 16:53:48 WARN HiveConf: HiveConf of name hive.llap.lockmetrics.collect does not exist
[2024-08-18T09:53:49.013+0000] {ssh.py:545} WARNING - 24/08/18 16:53:48 WARN HiveConf: HiveConf of name hive.masking.algo does not exist
[2024-08-18T09:53:49.013+0000] {ssh.py:545} WARNING - 24/08/18 16:53:48 WARN HiveConf: HiveConf of name hive.query.results.cache.max.entry.size does not exist
[2024-08-18T09:53:49.013+0000] {ssh.py:545} WARNING - 24/08/18 16:53:48 WARN HiveConf: HiveConf of name hive.mapred.job.follow.tez.queue does not exist
[2024-08-18T09:53:49.014+0000] {ssh.py:545} WARNING - 24/08/18 16:53:48 WARN HiveConf: HiveConf of name hive.testing.short.logs does not exist
[2024-08-18T09:53:49.014+0000] {ssh.py:545} WARNING - 24/08/18 16:53:48 WARN HiveConf: HiveConf of name hive.llap.external.client.use.hybrid.calendar does not exist
[2024-08-18T09:53:49.014+0000] {ssh.py:545} WARNING - 24/08/18 16:53:48 WARN HiveConf: HiveConf of name hive.parquet.timestamp.legacy.conversion.enabled does not exist
[2024-08-18T09:53:49.015+0000] {ssh.py:545} WARNING - 24/08/18 16:53:48 WARN HiveConf: HiveConf of name hive.druid.kerberos.enable does not exist
[2024-08-18T09:53:49.015+0000] {ssh.py:545} WARNING - 24/08/18 16:53:48 WARN HiveConf: HiveConf of name hive.server2.webui.xframe.value does not exist
[2024-08-18T09:53:49.015+0000] {ssh.py:545} WARNING - 24/08/18 16:53:48 WARN HiveConf: HiveConf of name hive.server2.saml2.max.authentication.lifetime does not exist
[2024-08-18T09:53:49.015+0000] {ssh.py:545} WARNING - 24/08/18 16:53:48 WARN HiveConf: HiveConf of name hive.driver.parallel.compilation.global.limit does not exist
[2024-08-18T09:53:49.016+0000] {ssh.py:545} WARNING - 24/08/18 16:53:48 WARN HiveConf: HiveConf of name hive.tez.mapreduce.output.committer.class does not exist
[2024-08-18T09:53:49.016+0000] {ssh.py:545} WARNING - 24/08/18 16:53:48 WARN HiveConf: HiveConf of name hive.repl.stats.events.count does not exist
[2024-08-18T09:53:49.016+0000] {ssh.py:545} WARNING - 24/08/18 16:53:48 WARN HiveConf: HiveConf of name hive.syslog.input.format.file.pruning does not exist
[2024-08-18T09:53:49.017+0000] {ssh.py:545} WARNING - 24/08/18 16:53:48 WARN HiveConf: HiveConf of name hive.streaming.auto.flush.enabled does not exist
[2024-08-18T09:53:49.017+0000] {ssh.py:545} WARNING - 24/08/18 16:53:48 WARN HiveConf: HiveConf of name hive.hdfs.encryption.shim.cache.on does not exist
[2024-08-18T09:53:49.017+0000] {ssh.py:545} WARNING - 24/08/18 16:53:48 WARN HiveConf: HiveConf of name hive.optimize.shared.work.mapjoin.cache.reuse does not exist
[2024-08-18T09:53:49.017+0000] {ssh.py:545} WARNING - 24/08/18 16:53:48 WARN HiveConf: HiveConf of name hive.parquet.write.int64.timestamp does not exist
[2024-08-18T09:53:49.018+0000] {ssh.py:545} WARNING - 24/08/18 16:53:48 WARN HiveConf: HiveConf of name hive.optimize.bi.rewrite.percentile_disc.sketch does not exist
[2024-08-18T09:53:49.018+0000] {ssh.py:545} WARNING - 24/08/18 16:53:48 WARN HiveConf: HiveConf of name hive.acid.createtable.softdelete does not exist
[2024-08-18T09:53:49.018+0000] {ssh.py:545} WARNING - 24/08/18 16:53:48 WARN HiveConf: HiveConf of name hive.compactor.gather.stats does not exist
[2024-08-18T09:53:49.019+0000] {ssh.py:545} WARNING - 24/08/18 16:53:48 WARN HiveConf: HiveConf of name hive.describe.partitionedtable.ignore.stats does not exist
[2024-08-18T09:53:49.019+0000] {ssh.py:545} WARNING - 24/08/18 16:53:48 WARN HiveConf: HiveConf of name hive.xprod.mapjoin.small.table.rows does not exist
[2024-08-18T09:53:49.019+0000] {ssh.py:545} WARNING - 24/08/18 16:53:48 WARN HiveConf: HiveConf of name hive.repl.retain.prev.dump.dir.count does not exist
[2024-08-18T09:53:49.020+0000] {ssh.py:545} WARNING - 24/08/18 16:53:48 WARN HiveConf: HiveConf of name hive.exec.dynamic.partition.type.conversion does not exist
[2024-08-18T09:53:49.020+0000] {ssh.py:545} WARNING - 24/08/18 16:53:48 WARN HiveConf: HiveConf of name hive.txn.read.locks does not exist
[2024-08-18T09:53:49.020+0000] {ssh.py:545} WARNING - 24/08/18 16:53:48 WARN HiveConf: HiveConf of name hive.compactor.initiator.duration.update.interval does not exist
[2024-08-18T09:53:49.020+0000] {ssh.py:545} WARNING - 24/08/18 16:53:48 WARN HiveConf: HiveConf of name hive.server2.operation.log.cleanup.delay does not exist
[2024-08-18T09:53:49.021+0000] {ssh.py:545} WARNING - 24/08/18 16:53:48 WARN HiveConf: HiveConf of name hive.stats.kll.enable does not exist
[2024-08-18T09:53:49.021+0000] {ssh.py:545} WARNING - 24/08/18 16:53:48 WARN HiveConf: HiveConf of name hive.tez.dynamic.semijoin.reduction.multicolumn does not exist
[2024-08-18T09:53:49.022+0000] {ssh.py:545} WARNING - 24/08/18 16:53:48 WARN HiveConf: HiveConf of name hive.zookeeper.kerberos.enabled does not exist
[2024-08-18T09:53:49.022+0000] {ssh.py:545} WARNING - 24/08/18 16:53:48 WARN HiveConf: HiveConf of name hive.repl.run.data.copy.tasks.on.target does not exist
[2024-08-18T09:53:49.023+0000] {ssh.py:545} WARNING - 24/08/18 16:53:48 WARN HiveConf: HiveConf of name hive.repl.dump.metadata.only does not exist
[2024-08-18T09:53:49.023+0000] {ssh.py:545} WARNING - 24/08/18 16:53:48 WARN HiveConf: HiveConf of name hive.server2.webui.show.stats does not exist
[2024-08-18T09:53:49.023+0000] {ssh.py:545} WARNING - 24/08/18 16:53:48 WARN HiveConf: HiveConf of name hive.optimize.countdistinct does not exist
[2024-08-18T09:53:49.023+0000] {ssh.py:545} WARNING - 24/08/18 16:53:48 WARN HiveConf: HiveConf of name hive.llap.daemon.web.xframe.value does not exist
[2024-08-18T09:53:49.024+0000] {ssh.py:545} WARNING - 24/08/18 16:53:48 WARN HiveConf: HiveConf of name hive.metastore.client.cache.v2.recordStats does not exist
[2024-08-18T09:53:49.024+0000] {ssh.py:545} WARNING - 24/08/18 16:53:48 WARN HiveConf: HiveConf of name hive.server2.graceful.stop.timeout does not exist
[2024-08-18T09:53:49.024+0000] {ssh.py:545} WARNING - 24/08/18 16:53:48 WARN HiveConf: HiveConf of name hive.jdbc.pushdown.safe.enable does not exist
[2024-08-18T09:53:49.025+0000] {ssh.py:545} WARNING - 24/08/18 16:53:48 WARN HiveConf: HiveConf of name hive.tez.union.flatten.subdirectories does not exist
[2024-08-18T09:53:49.025+0000] {ssh.py:545} WARNING - 24/08/18 16:53:48 WARN HiveConf: HiveConf of name hive.txn.xlock.mergeinsert does not exist
[2024-08-18T09:53:49.025+0000] {ssh.py:545} WARNING - 24/08/18 16:53:48 WARN HiveConf: HiveConf of name hive.repl.retain.custom.db.locations.on.target does not exist
[2024-08-18T09:53:49.026+0000] {ssh.py:545} WARNING - 24/08/18 16:53:48 WARN HiveConf: HiveConf of name hive.auto.convert.join.shuffle.max.size does not exist
[2024-08-18T09:53:49.026+0000] {ssh.py:545} WARNING - 24/08/18 16:53:48 WARN HiveConf: HiveConf of name hive.materializedview.rebuild.incremental.factor does not exist
[2024-08-18T09:53:49.026+0000] {ssh.py:545} WARNING - 24/08/18 16:53:48 WARN HiveConf: HiveConf of name hive.llap.plugin.acl does not exist
[2024-08-18T09:53:49.026+0000] {ssh.py:545} WARNING - 24/08/18 16:53:48 WARN HiveConf: HiveConf of name hive.scheduled.queries.max.executors does not exist
[2024-08-18T09:53:49.027+0000] {ssh.py:545} WARNING - 24/08/18 16:53:48 WARN HiveConf: HiveConf of name hive.repl.authorization.provider.service does not exist
[2024-08-18T09:53:49.027+0000] {ssh.py:545} WARNING - 24/08/18 16:53:48 WARN HiveConf: HiveConf of name hive.repl.external.client.connect.timeout does not exist
[2024-08-18T09:53:49.027+0000] {ssh.py:545} WARNING - 24/08/18 16:53:48 WARN HiveConf: HiveConf of name hive.metastore.schema.info.class does not exist
[2024-08-18T09:53:49.028+0000] {ssh.py:545} WARNING - 24/08/18 16:53:48 WARN HiveConf: HiveConf of name hive.txn.stats.enabled does not exist
[2024-08-18T09:53:49.028+0000] {ssh.py:545} WARNING - 24/08/18 16:53:48 WARN HiveConf: HiveConf of name hive.stats.kll.k.param does not exist
[2024-08-18T09:53:49.028+0000] {ssh.py:545} WARNING - 24/08/18 16:53:48 WARN HiveConf: HiveConf of name hive.create.as.acid does not exist
[2024-08-18T09:53:49.029+0000] {ssh.py:545} WARNING - 24/08/18 16:53:48 WARN HiveConf: HiveConf of name hive.tez.auto.reducer.parallelism.min.threshold does not exist
[2024-08-18T09:53:49.030+0000] {ssh.py:545} WARNING - 24/08/18 16:53:48 WARN HiveConf: HiveConf of name hive.parquet.infer.binary.as does not exist
[2024-08-18T09:53:49.030+0000] {ssh.py:545} WARNING - 24/08/18 16:53:48 WARN HiveConf: HiveConf of name hive.repl.handle.ranger.deny.policy does not exist
[2024-08-18T09:53:49.030+0000] {ssh.py:545} WARNING - 24/08/18 16:53:48 WARN HiveConf: HiveConf of name hive.server2.tez.queue.access.check does not exist
[2024-08-18T09:53:49.031+0000] {ssh.py:545} WARNING - 24/08/18 16:53:48 WARN HiveConf: HiveConf of name hive.llap.external.splits.temp.table.storage.format does not exist
[2024-08-18T09:53:49.031+0000] {ssh.py:545} WARNING - 24/08/18 16:53:48 WARN HiveConf: HiveConf of name hive.llap.io.row.wrapper.enabled does not exist
[2024-08-18T09:53:49.031+0000] {ssh.py:545} WARNING - 24/08/18 16:53:48 WARN HiveConf: HiveConf of name hive.llap.io.proactive.eviction.enabled does not exist
[2024-08-18T09:53:49.032+0000] {ssh.py:545} WARNING - 24/08/18 16:53:48 WARN HiveConf: HiveConf of name hive.avro.proleptic.gregorian.default does not exist
[2024-08-18T09:53:49.032+0000] {ssh.py:545} WARNING - 24/08/18 16:53:48 WARN HiveConf: HiveConf of name hive.stats.join.ndv.readjustment does not exist
[2024-08-18T09:53:49.032+0000] {ssh.py:545} WARNING - 24/08/18 16:53:48 WARN HiveConf: HiveConf of name hive.stats.use.bitvectors does not exist
[2024-08-18T09:53:49.033+0000] {ssh.py:545} WARNING - 24/08/18 16:53:48 WARN HiveConf: HiveConf of name hive.constraint.notnull.enforce does not exist
[2024-08-18T09:53:49.033+0000] {ssh.py:545} WARNING - 24/08/18 16:53:48 WARN HiveConf: HiveConf of name hive.tez.unordered.output.buffer.size.mb does not exist
[2024-08-18T09:53:49.033+0000] {ssh.py:545} WARNING - 24/08/18 16:53:48 WARN HiveConf: HiveConf of name hive.server2.materializedviews.registry.refresh.period does not exist
[2024-08-18T09:53:49.034+0000] {ssh.py:545} WARNING - 24/08/18 16:53:48 WARN HiveConf: HiveConf of name hive.server2.csrf.filter.enabled does not exist
[2024-08-18T09:53:49.034+0000] {ssh.py:545} WARNING - 24/08/18 16:53:48 WARN HiveConf: HiveConf of name hive.llap.task.time.print.summary does not exist
[2024-08-18T09:53:49.034+0000] {ssh.py:545} WARNING - 24/08/18 16:53:48 WARN HiveConf: HiveConf of name hive.syslog.input.format.file.time.slice does not exist
[2024-08-18T09:53:49.034+0000] {ssh.py:545} WARNING - 24/08/18 16:53:48 WARN HiveConf: HiveConf of name hive.llap.nodehealthchecks.maxnodes does not exist
[2024-08-18T09:53:49.035+0000] {ssh.py:545} WARNING - 24/08/18 16:53:48 WARN HiveConf: HiveConf of name hive.cli.print.escape.crlf does not exist
[2024-08-18T09:53:49.035+0000] {ssh.py:545} WARNING - 24/08/18 16:53:48 WARN HiveConf: HiveConf of name hive.trigger.validation.interval does not exist
[2024-08-18T09:53:49.035+0000] {ssh.py:545} WARNING - 24/08/18 16:53:48 WARN HiveConf: HiveConf of name hive.hook.proto.rollover-interval does not exist
[2024-08-18T09:53:49.035+0000] {ssh.py:545} WARNING - 24/08/18 16:53:48 WARN HiveConf: HiveConf of name hive.transpose.aggr.join.unique does not exist
[2024-08-18T09:53:49.036+0000] {ssh.py:545} WARNING - 24/08/18 16:53:48 WARN HiveConf: HiveConf of name hive.server2.historic.operation.log.enabled does not exist
[2024-08-18T09:53:49.036+0000] {ssh.py:545} WARNING - 24/08/18 16:53:48 WARN HiveConf: HiveConf of name hive.compaction.merge.enabled does not exist
[2024-08-18T09:53:49.038+0000] {ssh.py:545} WARNING - 24/08/18 16:53:48 WARN HiveConf: HiveConf of name hive.repl.retry.jitter does not exist
[2024-08-18T09:53:49.038+0000] {ssh.py:545} WARNING - 24/08/18 16:53:48 WARN HiveConf: HiveConf of name hive.server2.webui.cors.allowed.origins does not exist
[2024-08-18T09:53:49.038+0000] {ssh.py:545} WARNING - 24/08/18 16:53:48 WARN HiveConf: HiveConf of name hive.server2.limit.connections.per.ipaddress does not exist
[2024-08-18T09:53:49.039+0000] {ssh.py:545} WARNING - 24/08/18 16:53:48 WARN HiveConf: HiveConf of name hive.llap.io.cache.deletedeltas does not exist
[2024-08-18T09:53:49.039+0000] {ssh.py:545} WARNING - 24/08/18 16:53:48 WARN HiveConf: HiveConf of name hive.acid.truncate.usebase does not exist
[2024-08-18T09:53:49.039+0000] {ssh.py:545} WARNING - 24/08/18 16:53:48 WARN HiveConf: HiveConf of name hive.repl.bootstrap.acid.tables does not exist
[2024-08-18T09:53:49.040+0000] {ssh.py:545} WARNING - 24/08/18 16:53:48 WARN HiveConf: HiveConf of name hive.compactor.obsolete.delta.dir.threshold does not exist
[2024-08-18T09:53:49.040+0000] {ssh.py:545} WARNING - 24/08/18 16:53:48 WARN HiveConf: HiveConf of name hive.optimize.bi.enabled does not exist
[2024-08-18T09:53:49.041+0000] {ssh.py:545} WARNING - 24/08/18 16:53:48 WARN HiveConf: HiveConf of name hive.security.authorization.kerberos.use.shortname does not exist
[2024-08-18T09:53:49.041+0000] {ssh.py:545} WARNING - 24/08/18 16:53:48 WARN HiveConf: HiveConf of name hive.iceberg.expire.snapshot.numthreads does not exist
[2024-08-18T09:53:49.041+0000] {ssh.py:545} WARNING - 24/08/18 16:53:48 WARN HiveConf: HiveConf of name hive.metastore.client.cache.stats.enabled does not exist
[2024-08-18T09:53:49.042+0000] {ssh.py:545} WARNING - 24/08/18 16:53:48 WARN HiveConf: HiveConf of name hive.mapjoin.hashtable.load.threads does not exist
[2024-08-18T09:53:49.042+0000] {ssh.py:545} WARNING - 24/08/18 16:53:48 WARN HiveConf: HiveConf of name hive.scheduled.queries.executor.idle.sleep.time does not exist
[2024-08-18T09:53:49.042+0000] {ssh.py:545} WARNING - 24/08/18 16:53:48 WARN HiveConf: HiveConf of name hive.notification.event.poll.interval does not exist
[2024-08-18T09:53:49.042+0000] {ssh.py:545} WARNING - 24/08/18 16:53:48 WARN HiveConf: HiveConf of name hive.transactional.concatenate.noblock does not exist
[2024-08-18T09:53:49.043+0000] {ssh.py:545} WARNING - 24/08/18 16:53:48 WARN HiveConf: HiveConf of name hive.optimize.join.disjunctive.transitive.predicates.pushdown does not exist
[2024-08-18T09:53:49.047+0000] {ssh.py:545} WARNING - 24/08/18 16:53:48 WARN HiveConf: HiveConf of name hive.iceberg.stats.source does not exist
[2024-08-18T09:53:49.048+0000] {ssh.py:545} WARNING - 24/08/18 16:53:48 WARN HiveConf: HiveConf of name hive.materializedview.rewriting.strategy does not exist
[2024-08-18T09:53:49.048+0000] {ssh.py:545} WARNING - 24/08/18 16:53:48 WARN HiveConf: HiveConf of name hive.llap.io.vrb.queue.limit.max does not exist
[2024-08-18T09:53:49.049+0000] {ssh.py:545} WARNING - 24/08/18 16:53:48 WARN HiveConf: HiveConf of name hive.rewrite.data.policy does not exist
[2024-08-18T09:53:49.049+0000] {ssh.py:545} WARNING - 24/08/18 16:53:48 WARN HiveConf: HiveConf of name hive.default.nulls.last does not exist
[2024-08-18T09:53:49.049+0000] {ssh.py:545} WARNING - 24/08/18 16:53:48 WARN HiveConf: HiveConf of name hive.acid.direct.insert.enabled does not exist
[2024-08-18T09:53:49.050+0000] {ssh.py:545} WARNING - 24/08/18 16:53:48 WARN HiveConf: HiveConf of name hive.mr.compactor.gather.stats does not exist
[2024-08-18T09:53:49.050+0000] {ssh.py:545} WARNING - 24/08/18 16:53:48 WARN HiveConf: HiveConf of name hive.vectorized.if.expr.mode does not exist
[2024-08-18T09:53:49.050+0000] {ssh.py:545} WARNING - 24/08/18 16:53:48 WARN HiveConf: HiveConf of name hive.repl.atlas.client.read.timeout does not exist
[2024-08-18T09:53:49.050+0000] {ssh.py:545} WARNING - 24/08/18 16:53:48 WARN HiveConf: HiveConf of name hive.exim.test.mode does not exist
[2024-08-18T09:53:49.051+0000] {ssh.py:545} WARNING - 24/08/18 16:53:48 WARN HiveConf: HiveConf of name hive.query.results.cache.directory does not exist
[2024-08-18T09:53:49.051+0000] {ssh.py:545} WARNING - 24/08/18 16:53:48 WARN HiveConf: HiveConf of name hive.server2.trusted.domain.use.xff.header does not exist
[2024-08-18T09:53:49.051+0000] {ssh.py:545} WARNING - 24/08/18 16:53:48 WARN HiveConf: HiveConf of name hive.compactor.cleaner.retention.time.seconds does not exist
[2024-08-18T09:53:49.052+0000] {ssh.py:545} WARNING - 24/08/18 16:53:48 WARN HiveConf: HiveConf of name hive.llap.io.allocator.max.force.eviction does not exist
[2024-08-18T09:53:49.052+0000] {ssh.py:545} WARNING - 24/08/18 16:53:48 WARN HiveConf: HiveConf of name hive.txn.acid.metrics.delta.num.threshold does not exist
[2024-08-18T09:53:49.052+0000] {ssh.py:545} WARNING - 24/08/18 16:53:48 WARN HiveConf: HiveConf of name hive.txn.retrysnapshot.max.count does not exist
[2024-08-18T09:53:49.052+0000] {ssh.py:545} WARNING - 24/08/18 16:53:48 WARN HiveConf: HiveConf of name hive.optimize.topnkey does not exist
[2024-08-18T09:53:49.053+0000] {ssh.py:545} WARNING - 24/08/18 16:53:48 WARN HiveConf: HiveConf of name hive.repl.load.partitions.with.data.copy.batch.size does not exist
[2024-08-18T09:53:49.053+0000] {ssh.py:545} WARNING - 24/08/18 16:53:48 WARN HiveConf: HiveConf of name hive.llap.nodehealthchecks.tasktimeratio does not exist
[2024-08-18T09:53:49.053+0000] {ssh.py:545} WARNING - 24/08/18 16:53:48 WARN HiveConf: HiveConf of name hive.query.results.cache.wait.for.pending.results does not exist
[2024-08-18T09:53:49.053+0000] {ssh.py:545} WARNING - 24/08/18 16:53:48 WARN HiveConf: HiveConf of name hive.tez.bloom.filter.merge.threads does not exist
[2024-08-18T09:53:49.060+0000] {ssh.py:545} WARNING - 24/08/18 16:53:48 WARN HiveConf: HiveConf of name hive.llap.external.client.cloud.deployment.setup.enabled does not exist
[2024-08-18T09:53:49.062+0000] {ssh.py:545} WARNING - 24/08/18 16:53:48 WARN HiveConf: HiveConf of name hive.join.shortcut.unmatched.rows does not exist
[2024-08-18T09:53:49.062+0000] {ssh.py:545} WARNING - 24/08/18 16:53:48 WARN HiveConf: HiveConf of name hive.query.recompilation.max.count does not exist
[2024-08-18T09:53:49.063+0000] {ssh.py:545} WARNING - 24/08/18 16:53:48 WARN HiveConf: HiveConf of name hive.datetime.formatter.resolver.style does not exist
[2024-08-18T09:53:49.063+0000] {ssh.py:545} WARNING - 24/08/18 16:53:48 WARN HiveConf: HiveConf of name hive.remove.orderby.in.subquery does not exist
[2024-08-18T09:53:49.064+0000] {ssh.py:545} WARNING - 24/08/18 16:53:48 WARN HiveConf: HiveConf of name hive.arrow.batch.allocator.limit does not exist
[2024-08-18T09:53:49.064+0000] {ssh.py:545} WARNING - 24/08/18 16:53:48 WARN HiveConf: HiveConf of name hive.optimize.topnkey.partitions.max does not exist
[2024-08-18T09:53:49.064+0000] {ssh.py:545} WARNING - 24/08/18 16:53:48 WARN HiveConf: HiveConf of name hive.llap.io.cache.only does not exist
[2024-08-18T09:53:49.064+0000] {ssh.py:545} WARNING - 24/08/18 16:53:48 WARN HiveConf: HiveConf of name hive.tez.bmj.use.subcache does not exist
[2024-08-18T09:53:49.065+0000] {ssh.py:545} WARNING - 24/08/18 16:53:48 WARN HiveConf: HiveConf of name hive.txn.acid.metrics.obsolete.delta.num.threshold does not exist
[2024-08-18T09:53:49.065+0000] {ssh.py:545} WARNING - 24/08/18 16:53:48 WARN HiveConf: HiveConf of name hive.query.max.length does not exist
[2024-08-18T09:53:49.065+0000] {ssh.py:545} WARNING - 24/08/18 16:53:48 WARN HiveConf: HiveConf of name hive.optimize.delete.all does not exist
[2024-08-18T09:53:49.066+0000] {ssh.py:545} WARNING - 24/08/18 16:53:48 WARN HiveConf: HiveConf of name hive.server2.wm.delayed.move.validator.interval does not exist
[2024-08-18T09:53:49.066+0000] {ssh.py:545} WARNING - 24/08/18 16:53:48 WARN HiveConf: HiveConf of name hive.optimize.bi.rewrite.percentile_disc.enabled does not exist
[2024-08-18T09:53:49.066+0000] {ssh.py:545} WARNING - 24/08/18 16:53:48 WARN HiveConf: HiveConf of name hive.llap.io.vrb.queue.limit.min does not exist
[2024-08-18T09:53:49.067+0000] {ssh.py:545} WARNING - 24/08/18 16:53:48 WARN HiveConf: HiveConf of name hive.server2.wm.pool.metrics does not exist
[2024-08-18T09:53:49.067+0000] {ssh.py:545} WARNING - 24/08/18 16:53:48 WARN HiveConf: HiveConf of name hive.ptf.valuecache.size does not exist
[2024-08-18T09:53:49.067+0000] {ssh.py:545} WARNING - 24/08/18 16:53:48 WARN HiveConf: HiveConf of name hive.llap.external.client.cloud.jwt.shared.secret.provider does not exist
[2024-08-18T09:53:49.067+0000] {ssh.py:545} WARNING - 24/08/18 16:53:48 WARN HiveConf: HiveConf of name hive.txn.xlock.write does not exist
[2024-08-18T09:53:49.068+0000] {ssh.py:545} WARNING - 24/08/18 16:53:48 WARN HiveConf: HiveConf of name hive.repl.retry.backoff.coefficient does not exist
[2024-08-18T09:53:49.068+0000] {ssh.py:545} WARNING - 24/08/18 16:53:48 WARN HiveConf: HiveConf of name hive.repl.add.raw.reserved.namespace does not exist
[2024-08-18T09:53:49.068+0000] {ssh.py:545} WARNING - 24/08/18 16:53:48 WARN HiveConf: HiveConf of name hive.jdbc.pushdown.enable does not exist
[2024-08-18T09:53:49.069+0000] {ssh.py:545} WARNING - 24/08/18 16:53:48 WARN HiveConf: HiveConf of name hive.acid.droppartition.usebase does not exist
[2024-08-18T09:53:49.069+0000] {ssh.py:545} WARNING - 24/08/18 16:53:48 WARN HiveConf: HiveConf of name hive.server2.saml2.sp.force.auth does not exist
[2024-08-18T09:53:49.069+0000] {ssh.py:545} WARNING - 24/08/18 16:53:48 WARN HiveConf: HiveConf of name hive.resource.use.hdfs.location does not exist
[2024-08-18T09:53:49.069+0000] {ssh.py:545} WARNING - 24/08/18 16:53:48 WARN HiveConf: HiveConf of name hive.parquet.timestamp.time.unit does not exist
[2024-08-18T09:53:49.070+0000] {ssh.py:545} WARNING - 24/08/18 16:53:48 WARN HiveConf: HiveConf of name hive.stats.num.nulls.estimate.percent does not exist
[2024-08-18T09:53:49.070+0000] {ssh.py:545} WARNING - 24/08/18 16:53:48 WARN HiveConf: HiveConf of name hive.optimize.bi.rewrite.rank.sketch does not exist
[2024-08-18T09:53:49.070+0000] {ssh.py:545} WARNING - 24/08/18 16:53:48 WARN HiveConf: HiveConf of name hive.repl.cm.encryptionzone.rootdir does not exist
[2024-08-18T09:53:49.071+0000] {ssh.py:545} WARNING - 24/08/18 16:53:48 WARN HiveConf: HiveConf of name hive.use.googleregex.engine does not exist
[2024-08-18T09:53:49.071+0000] {ssh.py:545} WARNING - 24/08/18 16:53:48 WARN HiveConf: HiveConf of name hive.ptf.rangecache.size does not exist
[2024-08-18T09:53:49.071+0000] {ssh.py:545} WARNING - 24/08/18 16:53:48 WARN HiveConf: HiveConf of name hive.llap.io.acid does not exist
[2024-08-18T09:53:49.071+0000] {ssh.py:545} WARNING - 24/08/18 16:53:48 WARN HiveConf: HiveConf of name hive.llap.external.client.cloud.output.service.port does not exist
[2024-08-18T09:53:49.072+0000] {ssh.py:545} WARNING - 24/08/18 16:53:48 WARN HiveConf: HiveConf of name hive.repl.bootstrap.dump.abort.write.txn.after.timeout does not exist
[2024-08-18T09:53:49.072+0000] {ssh.py:545} WARNING - 24/08/18 16:53:48 WARN HiveConf: HiveConf of name hive.txn.filter.delete.events does not exist
[2024-08-18T09:53:49.072+0000] {ssh.py:545} WARNING - 24/08/18 16:53:48 WARN HiveConf: HiveConf of name hive.llap.zk.sm.session.timeout does not exist
[2024-08-18T09:53:49.072+0000] {ssh.py:545} WARNING - 24/08/18 16:53:48 WARN HiveConf: HiveConf of name hive.scheduled.queries.executor.enabled does not exist
[2024-08-18T09:53:49.073+0000] {ssh.py:545} WARNING - 24/08/18 16:53:48 WARN HiveConf: HiveConf of name hive.load.data.use.native.api does not exist
[2024-08-18T09:53:49.073+0000] {ssh.py:545} WARNING - 24/08/18 16:53:48 WARN HiveConf: HiveConf of name hive.vectorized.ptf.max.memory.buffering.batch.count does not exist
[2024-08-18T09:53:49.073+0000] {ssh.py:545} WARNING - 24/08/18 16:53:48 WARN HiveConf: HiveConf of name hive.llap.task.scheduler.am.registry does not exist
[2024-08-18T09:53:49.074+0000] {ssh.py:545} WARNING - 24/08/18 16:53:48 WARN HiveConf: HiveConf of name hive.optimize.bi.rewrite.countdistinct.sketch does not exist
[2024-08-18T09:53:49.074+0000] {ssh.py:545} WARNING - 24/08/18 16:53:48 WARN HiveConf: HiveConf of name hive.druid.overlord.address.default does not exist
[2024-08-18T09:53:49.074+0000] {ssh.py:545} WARNING - 24/08/18 16:53:48 WARN HiveConf: HiveConf of name hive.optimize.remove.sq_count_check does not exist
[2024-08-18T09:53:49.075+0000] {ssh.py:545} WARNING - 24/08/18 16:53:48 WARN HiveConf: HiveConf of name hive.map.aggr.hash.min.reduction.lower.bound does not exist
[2024-08-18T09:53:49.075+0000] {ssh.py:545} WARNING - 24/08/18 16:53:48 WARN HiveConf: HiveConf of name hive.basic.stats.max.threads.factor does not exist
[2024-08-18T09:53:49.075+0000] {ssh.py:545} WARNING - 24/08/18 16:53:48 WARN HiveConf: HiveConf of name hive.server2.webui.enable.cors does not exist
[2024-08-18T09:53:49.076+0000] {ssh.py:545} WARNING - 24/08/18 16:53:48 WARN HiveConf: HiveConf of name hive.acid.renamepartition.makecopy does not exist
[2024-08-18T09:53:49.076+0000] {ssh.py:545} WARNING - 24/08/18 16:53:48 WARN HiveConf: HiveConf of name hive.optimize.constraints.join does not exist
[2024-08-18T09:53:49.076+0000] {ssh.py:545} WARNING - 24/08/18 16:53:48 WARN HiveConf: HiveConf of name hive.vectorized.row.serde.inputformat.excludes does not exist
[2024-08-18T09:53:49.076+0000] {ssh.py:545} WARNING - 24/08/18 16:53:48 WARN HiveConf: HiveConf of name hive.locks.max.partitions does not exist
[2024-08-18T09:53:49.077+0000] {ssh.py:545} WARNING - 24/08/18 16:53:48 WARN HiveConf: HiveConf of name hive.query.reexecution.stats.cache.size does not exist
[2024-08-18T09:53:49.077+0000] {ssh.py:545} WARNING - 24/08/18 16:53:48 WARN HiveConf: HiveConf of name hive.strict.checks.offset.no.orderby does not exist
[2024-08-18T09:53:49.077+0000] {ssh.py:545} WARNING - 24/08/18 16:53:48 WARN HiveConf: HiveConf of name hive.txn.readonly.enabled does not exist
[2024-08-18T09:53:49.078+0000] {ssh.py:545} WARNING - 24/08/18 16:53:48 WARN HiveConf: HiveConf of name hive.hook.proto.queue.capacity does not exist
[2024-08-18T09:53:49.078+0000] {ssh.py:545} WARNING - 24/08/18 16:53:48 WARN HiveConf: HiveConf of name hive.optimize.view.tables.cache.enabled does not exist
[2024-08-18T09:53:49.078+0000] {ssh.py:545} WARNING - 24/08/18 16:53:48 WARN HiveConf: HiveConf of name hive.optimize.scan.probedecode does not exist
[2024-08-18T09:53:49.078+0000] {ssh.py:545} WARNING - 24/08/18 16:53:48 WARN HiveConf: HiveConf of name hive.security.authorization.tables.on.storagehandlers does not exist
[2024-08-18T09:53:49.079+0000] {ssh.py:545} WARNING - 24/08/18 16:53:48 WARN HiveConf: HiveConf of name hive.server2.show.operation.drilldown.link does not exist
[2024-08-18T09:53:49.079+0000] {ssh.py:545} WARNING - 24/08/18 16:53:48 WARN HiveConf: HiveConf of name hive.txn.acid.metrics.reporting.interval does not exist
[2024-08-18T09:53:49.079+0000] {ssh.py:545} WARNING - 24/08/18 16:53:48 WARN HiveConf: HiveConf of name hive.zookeeper.killquery.namespace does not exist
[2024-08-18T09:53:49.079+0000] {ssh.py:545} WARNING - 24/08/18 16:53:48 WARN HiveConf: HiveConf of name hive.repl.copy.file.list.iterator.retry does not exist
[2024-08-18T09:53:49.080+0000] {ssh.py:545} WARNING - 24/08/18 16:53:48 WARN HiveConf: HiveConf of name hive.optimize.topnkey.efficiency.threshold does not exist
[2024-08-18T09:53:49.080+0000] {ssh.py:545} WARNING - 24/08/18 16:53:48 WARN HiveConf: HiveConf of name hive.server2.webui.explain.output does not exist
[2024-08-18T09:53:49.080+0000] {ssh.py:545} WARNING - 24/08/18 16:53:48 WARN HiveConf: HiveConf of name hive.llap.plugin.rpc.port does not exist
[2024-08-18T09:53:49.080+0000] {ssh.py:545} WARNING - 24/08/18 16:53:48 WARN HiveConf: HiveConf of name hive.lock.query.string.max.length does not exist
[2024-08-18T09:53:49.081+0000] {ssh.py:545} WARNING - 24/08/18 16:53:48 WARN HiveConf: HiveConf of name hive.llap.io.track.cache.usage does not exist
[2024-08-18T09:53:49.081+0000] {ssh.py:545} WARNING - 24/08/18 16:53:48 WARN HiveConf: HiveConf of name hive.server2.authentication.jwt.jwks.skip.ssl.cert does not exist
[2024-08-18T09:53:49.081+0000] {ssh.py:545} WARNING - 24/08/18 16:53:48 WARN HiveConf: HiveConf of name hive.repl.retry.initial.delay does not exist
[2024-08-18T09:53:49.082+0000] {ssh.py:545} WARNING - 24/08/18 16:53:48 WARN HiveConf: HiveConf of name hive.hook.proto.events.clean.freq does not exist
[2024-08-18T09:53:49.082+0000] {ssh.py:545} WARNING - 24/08/18 16:53:48 WARN HiveConf: HiveConf of name hive.use.orc.codec.pool does not exist
[2024-08-18T09:53:49.082+0000] {ssh.py:545} WARNING - 24/08/18 16:53:48 WARN HiveConf: HiveConf of name hive.query.results.cache.max.size does not exist
[2024-08-18T09:53:49.083+0000] {ssh.py:545} WARNING - 24/08/18 16:53:48 WARN HiveConf: HiveConf of name hive.auto.convert.anti.join does not exist
[2024-08-18T09:53:49.083+0000] {ssh.py:545} WARNING - 24/08/18 16:53:48 WARN HiveConf: HiveConf of name hive.strict.timestamp.conversion does not exist
[2024-08-18T09:53:49.083+0000] {ssh.py:545} WARNING - 24/08/18 16:53:48 WARN HiveConf: HiveConf of name hive.repl.bootstrap.dump.open.txn.timeout does not exist
[2024-08-18T09:53:49.083+0000] {ssh.py:545} WARNING - 24/08/18 16:53:48 WARN HiveConf: HiveConf of name hive.cardinality.preserving.join.optimization.factor does not exist
[2024-08-18T09:53:49.084+0000] {ssh.py:545} WARNING - 24/08/18 16:53:48 WARN HiveConf: HiveConf of name hive.stats.max.num.stats does not exist
[2024-08-18T09:53:49.084+0000] {ssh.py:545} WARNING - 24/08/18 16:53:48 WARN HiveConf: HiveConf of name hive.mapjoin.full.outer does not exist
[2024-08-18T09:53:49.084+0000] {ssh.py:545} WARNING - 24/08/18 16:53:48 INFO HiveClientImpl: Warehouse location for Hive client (version 2.3.9) is file:/user/hive/warehouse
[2024-08-18T09:53:49.085+0000] {ssh.py:545} WARNING - 24/08/18 16:53:48 INFO metastore: Trying to connect to metastore with URI thrift://metastore:9083
[2024-08-18T09:53:49.085+0000] {ssh.py:545} WARNING - 24/08/18 16:53:49 INFO metastore: Opened a connection to metastore, current connections: 1
[2024-08-18T09:53:49.085+0000] {ssh.py:545} WARNING - 24/08/18 16:53:49 INFO metastore: Connected to metastore.
[2024-08-18T09:53:49.420+0000] {ssh.py:545} WARNING - 24/08/18 16:53:49 INFO FileSourceStrategy: Pushed Filters: 
[2024-08-18T09:53:49.420+0000] {ssh.py:545} WARNING - 24/08/18 16:53:49 INFO FileSourceStrategy: Post-Scan Filters: 
[2024-08-18T09:53:49.421+0000] {ssh.py:545} WARNING - 24/08/18 16:53:49 INFO FileSourceStrategy: Output Data Schema: struct<country_code: string, country_name: string, province: string, deaths: int, case_fatality_rate: double ... 1 more field>
[2024-08-18T09:53:49.490+0000] {ssh.py:540} INFO - Traceback (most recent call last):
[2024-08-18T09:53:49.491+0000] {ssh.py:540} INFO -   File "/opt/spark-apps/kafka2hive.py", line 24, in <module>
[2024-08-18T09:53:49.492+0000] {ssh.py:540} INFO -     df.write.mode("overwrite").saveAsTable("covid_db.kafka_data")
[2024-08-18T09:53:49.492+0000] {ssh.py:540} INFO -   File "/opt/spark/python/lib/pyspark.zip/pyspark/sql/readwriter.py", line 806, in saveAsTable
[2024-08-18T09:53:49.492+0000] {ssh.py:540} INFO -   File "/opt/spark/python/lib/py4j-0.10.9.2-src.zip/py4j/java_gateway.py", line 1309, in __call__
[2024-08-18T09:53:49.493+0000] {ssh.py:540} INFO -   File "/opt/spark/python/lib/pyspark.zip/pyspark/sql/utils.py", line 117, in deco
[2024-08-18T09:53:49.493+0000] {ssh.py:540} INFO - pyspark.sql.utils.AnalysisException
[2024-08-18T09:53:49.495+0000] {ssh.py:540} INFO - : Can not create the managed table('`covid_db`.`kafka_data`'). The associated location('hdfs://namenode:9000/user/hive/warehouse/covid_db.db/kafka_data') already exists.
[2024-08-18T09:53:49.516+0000] {ssh.py:545} WARNING - 24/08/18 16:53:49 INFO SparkContext: Invoking stop() from shutdown hook
[2024-08-18T09:53:49.521+0000] {ssh.py:545} WARNING - 24/08/18 16:53:49 INFO SparkUI: Stopped Spark web UI at http://spark-master:4043
[2024-08-18T09:53:49.523+0000] {ssh.py:545} WARNING - 24/08/18 16:53:49 INFO StandaloneSchedulerBackend: Shutting down all executors
[2024-08-18T09:53:49.526+0000] {ssh.py:545} WARNING - 24/08/18 16:53:49 INFO CoarseGrainedSchedulerBackend$DriverEndpoint: Asking each executor to shut down
[2024-08-18T09:53:49.535+0000] {ssh.py:545} WARNING - 24/08/18 16:53:49 INFO MapOutputTrackerMasterEndpoint: MapOutputTrackerMasterEndpoint stopped!
[2024-08-18T09:53:49.543+0000] {ssh.py:545} WARNING - 24/08/18 16:53:49 INFO MemoryStore: MemoryStore cleared
[2024-08-18T09:53:49.543+0000] {ssh.py:545} WARNING - 24/08/18 16:53:49 INFO BlockManager: BlockManager stopped
[2024-08-18T09:53:49.549+0000] {ssh.py:545} WARNING - 24/08/18 16:53:49 INFO BlockManagerMaster: BlockManagerMaster stopped
[2024-08-18T09:53:49.550+0000] {ssh.py:545} WARNING - 24/08/18 16:53:49 INFO OutputCommitCoordinator$OutputCommitCoordinatorEndpoint: OutputCommitCoordinator stopped!
[2024-08-18T09:53:49.555+0000] {ssh.py:545} WARNING - 24/08/18 16:53:49 INFO SparkContext: Successfully stopped SparkContext
[2024-08-18T09:53:49.555+0000] {ssh.py:545} WARNING - 24/08/18 16:53:49 INFO ShutdownHookManager: Shutdown hook called
[2024-08-18T09:53:49.556+0000] {ssh.py:545} WARNING - 24/08/18 16:53:49 INFO ShutdownHookManager: Deleting directory /tmp/spark-4e2a6d0d-a303-4075-82c2-c9eb2ad07533
[2024-08-18T09:53:49.556+0000] {ssh.py:545} WARNING - 24/08/18 16:53:49 INFO ShutdownHookManager: Deleting directory /tmp/spark-98b2efb7-37ba-4c8f-8e0a-0cc6fdcbefd4/pyspark-2c5fa9a5-8101-4902-8682-e2fd5cfb7a4e
[2024-08-18T09:53:49.558+0000] {ssh.py:545} WARNING - 24/08/18 16:53:49 INFO ShutdownHookManager: Deleting directory /tmp/spark-98b2efb7-37ba-4c8f-8e0a-0cc6fdcbefd4
[2024-08-18T09:53:49.599+0000] {taskinstance.py:3301} ERROR - Task failed with exception
Traceback (most recent call last):
  File "/home/airflow/.local/lib/python3.10/site-packages/airflow/models/taskinstance.py", line 767, in _execute_task
    result = _execute_callable(context=context, **execute_callable_kwargs)
  File "/home/airflow/.local/lib/python3.10/site-packages/airflow/models/taskinstance.py", line 733, in _execute_callable
    return ExecutionCallableRunner(
  File "/home/airflow/.local/lib/python3.10/site-packages/airflow/utils/operator_helpers.py", line 252, in run
    return self.func(*args, **kwargs)
  File "/home/airflow/.local/lib/python3.10/site-packages/airflow/models/baseoperator.py", line 406, in wrapper
    return func(self, *args, **kwargs)
  File "/home/airflow/.local/lib/python3.10/site-packages/airflow/providers/ssh/operators/ssh.py", line 191, in execute
    result = self.run_ssh_client_command(ssh_client, self.command, context=context)
  File "/home/airflow/.local/lib/python3.10/site-packages/airflow/providers/ssh/operators/ssh.py", line 179, in run_ssh_client_command
    self.raise_for_status(exit_status, agg_stderr, context=context)
  File "/home/airflow/.local/lib/python3.10/site-packages/airflow/providers/ssh/operators/ssh.py", line 173, in raise_for_status
    raise AirflowException(f"SSH operator error: exit status = {exit_status}")
airflow.exceptions.AirflowException: SSH operator error: exit status = 1
[2024-08-18T09:53:49.602+0000] {taskinstance.py:1225} INFO - Marking task as UP_FOR_RETRY. dag_id=kafka2hive, task_id=process2hive, run_id=manual__2024-08-18T09:53:41.994664+00:00, execution_date=20240818T095341, start_date=20240818T095343, end_date=20240818T095349
[2024-08-18T09:53:49.610+0000] {taskinstance.py:340} INFO - ::group::Post task execution logs
[2024-08-18T09:53:49.610+0000] {standard_task_runner.py:124} ERROR - Failed to execute job 33 for task process2hive (SSH operator error: exit status = 1; 244)
Traceback (most recent call last):
  File "/home/airflow/.local/lib/python3.10/site-packages/airflow/task/task_runner/standard_task_runner.py", line 117, in _start_by_fork
    ret = args.func(args, dag=self.dag)
  File "/home/airflow/.local/lib/python3.10/site-packages/airflow/cli/cli_config.py", line 49, in command
    return func(*args, **kwargs)
  File "/home/airflow/.local/lib/python3.10/site-packages/airflow/utils/cli.py", line 115, in wrapper
    return f(*args, **kwargs)
  File "/home/airflow/.local/lib/python3.10/site-packages/airflow/cli/commands/task_command.py", line 483, in task_run
    task_return_code = _run_task_by_selected_method(args, _dag, ti)
  File "/home/airflow/.local/lib/python3.10/site-packages/airflow/cli/commands/task_command.py", line 256, in _run_task_by_selected_method
    return _run_raw_task(args, ti)
  File "/home/airflow/.local/lib/python3.10/site-packages/airflow/cli/commands/task_command.py", line 341, in _run_raw_task
    return ti._run_raw_task(
  File "/home/airflow/.local/lib/python3.10/site-packages/airflow/utils/session.py", line 97, in wrapper
    return func(*args, session=session, **kwargs)
  File "/home/airflow/.local/lib/python3.10/site-packages/airflow/models/taskinstance.py", line 2995, in _run_raw_task
    return _run_raw_task(
  File "/home/airflow/.local/lib/python3.10/site-packages/airflow/models/taskinstance.py", line 273, in _run_raw_task
    TaskInstance._execute_task_with_callbacks(
  File "/home/airflow/.local/lib/python3.10/site-packages/airflow/models/taskinstance.py", line 3149, in _execute_task_with_callbacks
    result = self._execute_task(context, task_orig)
  File "/home/airflow/.local/lib/python3.10/site-packages/airflow/models/taskinstance.py", line 3173, in _execute_task
    return _execute_task(self, context, task_orig)
  File "/home/airflow/.local/lib/python3.10/site-packages/airflow/models/taskinstance.py", line 767, in _execute_task
    result = _execute_callable(context=context, **execute_callable_kwargs)
  File "/home/airflow/.local/lib/python3.10/site-packages/airflow/models/taskinstance.py", line 733, in _execute_callable
    return ExecutionCallableRunner(
  File "/home/airflow/.local/lib/python3.10/site-packages/airflow/utils/operator_helpers.py", line 252, in run
    return self.func(*args, **kwargs)
  File "/home/airflow/.local/lib/python3.10/site-packages/airflow/models/baseoperator.py", line 406, in wrapper
    return func(self, *args, **kwargs)
  File "/home/airflow/.local/lib/python3.10/site-packages/airflow/providers/ssh/operators/ssh.py", line 191, in execute
    result = self.run_ssh_client_command(ssh_client, self.command, context=context)
  File "/home/airflow/.local/lib/python3.10/site-packages/airflow/providers/ssh/operators/ssh.py", line 179, in run_ssh_client_command
    self.raise_for_status(exit_status, agg_stderr, context=context)
  File "/home/airflow/.local/lib/python3.10/site-packages/airflow/providers/ssh/operators/ssh.py", line 173, in raise_for_status
    raise AirflowException(f"SSH operator error: exit status = {exit_status}")
airflow.exceptions.AirflowException: SSH operator error: exit status = 1
[2024-08-18T09:53:49.650+0000] {local_task_job_runner.py:261} INFO - Task exited with return code 1
[2024-08-18T09:53:49.659+0000] {taskinstance.py:3891} INFO - 0 downstream tasks scheduled from follow-on schedule check
[2024-08-18T09:53:49.660+0000] {local_task_job_runner.py:240} INFO - ::endgroup::
